2022-08-31 09:40:28,520 INFO org.springframework.boot.StartupInfoLogger [main] Starting TokenProviderApplication using Java 11.0.16 on lnb035937cps with PID 231225 (/home/jmmarao/Documents/my-music/ExceptionsMyMusic/TokenProvider/target/classes started by CIANDT\jmmarao in /home/jmmarao/Documents/my-music/ExceptionsMyMusic/TokenProvider)
2022-08-31 09:40:28,522 INFO org.springframework.boot.SpringApplication [main] No active profile set, falling back to default profiles: default
2022-08-31 09:40:29,098 INFO org.springframework.boot.web.embedded.tomcat.TomcatWebServer [main] Tomcat initialized with port(s): 8080 (http)
2022-08-31 09:40:29,103 INFO org.apache.juli.logging.DirectJDKLog [main] Initializing ProtocolHandler ["http-nio-8080"]
2022-08-31 09:40:29,103 INFO org.apache.juli.logging.DirectJDKLog [main] Starting service [Tomcat]
2022-08-31 09:40:29,103 INFO org.apache.juli.logging.DirectJDKLog [main] Starting Servlet engine: [Apache Tomcat/9.0.56]
2022-08-31 09:40:29,128 INFO org.apache.juli.logging.DirectJDKLog [main] Initializing Spring embedded WebApplicationContext
2022-08-31 09:40:29,128 INFO org.springframework.boot.web.servlet.context.ServletWebServerApplicationContext [main] Root WebApplicationContext: initialization completed in 582 ms
2022-08-31 09:40:29,383 INFO org.springframework.boot.actuate.endpoint.web.EndpointLinksResolver [main] Exposing 1 endpoint(s) beneath base path '/actuator'
2022-08-31 09:40:29,396 INFO org.apache.juli.logging.DirectJDKLog [main] Starting ProtocolHandler ["http-nio-8080"]
2022-08-31 09:40:29,402 INFO org.springframework.boot.web.embedded.tomcat.TomcatWebServer [main] Tomcat started on port(s): 8080 (http) with context path ''
2022-08-31 09:40:29,412 INFO org.springframework.boot.StartupInfoLogger [main] Started TokenProviderApplication in 1.099 seconds (JVM running for 1.537)
2022-08-31 09:40:29,527 INFO org.apache.juli.logging.DirectJDKLog [RMI TCP Connection(2)-127.0.0.1] Initializing Spring DispatcherServlet 'dispatcherServlet'
2022-08-31 09:40:29,528 INFO org.springframework.web.servlet.FrameworkServlet [RMI TCP Connection(2)-127.0.0.1] Initializing Servlet 'dispatcherServlet'
2022-08-31 09:40:29,529 INFO org.springframework.web.servlet.FrameworkServlet [RMI TCP Connection(2)-127.0.0.1] Completed initialization in 1 ms
2022-08-31 09:40:35,970 INFO com.ciandt.token.provider.controllers.TokenController [http-nio-8080-exec-2] Recebido requisição para criação de token para chave: joao
2022-08-31 09:40:36,047 INFO com.ciandt.token.provider.controllers.TokenController [http-nio-8080-exec-2] Token gerado com sucesso
2022-08-31 09:40:47,015 INFO com.ciandt.token.provider.controllers.TokenAuthorizerController [http-nio-8080-exec-3] Recebido requisição para geração de token: joao
2022-08-31 09:40:47,017 INFO com.ciandt.token.provider.controllers.TokenAuthorizerController [http-nio-8080-exec-3] Token validado com sucesso
2022-08-31 09:49:21,688 INFO org.springframework.boot.StartupInfoLogger [main] Starting TokenProviderApplication using Java 11.0.16 on lnb035937cps with PID 233393 (/home/jmmarao/Documents/my-music/ExceptionsMyMusic/TokenProvider/target/classes started by CIANDT\jmmarao in /home/jmmarao/Documents/my-music/ExceptionsMyMusic/TokenProvider)
2022-08-31 09:49:21,690 INFO org.springframework.boot.SpringApplication [main] No active profile set, falling back to default profiles: default
2022-08-31 09:49:22,260 INFO org.springframework.boot.web.embedded.tomcat.TomcatWebServer [main] Tomcat initialized with port(s): 8080 (http)
2022-08-31 09:49:22,263 INFO org.apache.juli.logging.DirectJDKLog [main] Initializing ProtocolHandler ["http-nio-8080"]
2022-08-31 09:49:22,264 INFO org.apache.juli.logging.DirectJDKLog [main] Starting service [Tomcat]
2022-08-31 09:49:22,264 INFO org.apache.juli.logging.DirectJDKLog [main] Starting Servlet engine: [Apache Tomcat/9.0.56]
2022-08-31 09:49:22,288 INFO org.apache.juli.logging.DirectJDKLog [main] Initializing Spring embedded WebApplicationContext
2022-08-31 09:49:22,288 INFO org.springframework.boot.web.servlet.context.ServletWebServerApplicationContext [main] Root WebApplicationContext: initialization completed in 561 ms
2022-08-31 09:49:22,610 INFO org.springframework.boot.actuate.endpoint.web.EndpointLinksResolver [main] Exposing 1 endpoint(s) beneath base path '/actuator'
2022-08-31 09:49:22,628 INFO org.apache.juli.logging.DirectJDKLog [main] Starting ProtocolHandler ["http-nio-8080"]
2022-08-31 09:49:22,634 INFO org.springframework.boot.web.embedded.tomcat.TomcatWebServer [main] Tomcat started on port(s): 8080 (http) with context path ''
2022-08-31 09:49:22,644 INFO org.springframework.boot.StartupInfoLogger [main] Started TokenProviderApplication in 1.154 seconds (JVM running for 1.577)
2022-08-31 09:49:22,852 INFO org.apache.juli.logging.DirectJDKLog [RMI TCP Connection(1)-127.0.0.1] Initializing Spring DispatcherServlet 'dispatcherServlet'
2022-08-31 09:49:22,853 INFO org.springframework.web.servlet.FrameworkServlet [RMI TCP Connection(1)-127.0.0.1] Initializing Servlet 'dispatcherServlet'
2022-08-31 09:49:22,853 INFO org.springframework.web.servlet.FrameworkServlet [RMI TCP Connection(1)-127.0.0.1] Completed initialization in 0 ms
2022-08-31 09:49:35,617 ERROR com.ciandt.token.provider.controllers.TokenController [http-nio-8080-exec-1] Erro na requisição: null
2022-08-31 09:49:50,913 INFO com.ciandt.token.provider.controllers.TokenController [http-nio-8080-exec-3] Recebido requisição para criação de token para chave: joao
2022-08-31 09:49:50,949 INFO com.ciandt.token.provider.controllers.TokenController [http-nio-8080-exec-3] Token gerado com sucesso
2022-08-31 09:49:57,577 ERROR com.ciandt.token.provider.controllers.TokenController [http-nio-8080-exec-4] Erro na requisição: null
2022-08-31 09:51:11,877 ERROR com.ciandt.token.provider.controllers.TokenController [http-nio-8080-exec-6] Erro na requisição: null
2022-08-31 11:05:22,754 INFO org.springframework.boot.StartupInfoLogger [main] Starting TokenProviderApplication using Java 11.0.16 on lnb035937cps with PID 251212 (/home/jmmarao/Documents/my-music/ExceptionsMyMusic/TokenProvider/target/classes started by CIANDT\jmmarao in /home/jmmarao/Documents/my-music/ExceptionsMyMusic/TokenProvider)
2022-08-31 11:05:22,756 INFO org.springframework.boot.SpringApplication [main] No active profile set, falling back to default profiles: default
2022-08-31 11:05:23,345 INFO org.springframework.boot.web.embedded.tomcat.TomcatWebServer [main] Tomcat initialized with port(s): 8080 (http)
2022-08-31 11:05:23,349 INFO org.apache.juli.logging.DirectJDKLog [main] Initializing ProtocolHandler ["http-nio-8080"]
2022-08-31 11:05:23,349 INFO org.apache.juli.logging.DirectJDKLog [main] Starting service [Tomcat]
2022-08-31 11:05:23,349 INFO org.apache.juli.logging.DirectJDKLog [main] Starting Servlet engine: [Apache Tomcat/9.0.56]
2022-08-31 11:05:23,377 INFO org.apache.juli.logging.DirectJDKLog [main] Initializing Spring embedded WebApplicationContext
2022-08-31 11:05:23,377 INFO org.springframework.boot.web.servlet.context.ServletWebServerApplicationContext [main] Root WebApplicationContext: initialization completed in 583 ms
2022-08-31 11:05:23,686 INFO org.springframework.boot.actuate.endpoint.web.EndpointLinksResolver [main] Exposing 1 endpoint(s) beneath base path '/actuator'
2022-08-31 11:05:23,701 INFO org.apache.juli.logging.DirectJDKLog [main] Starting ProtocolHandler ["http-nio-8080"]
2022-08-31 11:05:23,707 INFO org.springframework.boot.web.embedded.tomcat.TomcatWebServer [main] Tomcat started on port(s): 8080 (http) with context path ''
2022-08-31 11:05:23,717 INFO org.springframework.boot.StartupInfoLogger [main] Started TokenProviderApplication in 1.164 seconds (JVM running for 1.591)
2022-08-31 11:05:23,866 INFO org.apache.juli.logging.DirectJDKLog [RMI TCP Connection(1)-127.0.0.1] Initializing Spring DispatcherServlet 'dispatcherServlet'
2022-08-31 11:05:23,866 INFO org.springframework.web.servlet.FrameworkServlet [RMI TCP Connection(1)-127.0.0.1] Initializing Servlet 'dispatcherServlet'
2022-08-31 11:05:23,867 INFO org.springframework.web.servlet.FrameworkServlet [RMI TCP Connection(1)-127.0.0.1] Completed initialization in 1 ms
2022-08-31 11:05:27,976 INFO com.ciandt.token.provider.controllers.TokenController [http-nio-8080-exec-2] Recebido requisição para criação de token para chave: joao
2022-08-31 11:05:28,073 INFO com.ciandt.token.provider.controllers.TokenController [http-nio-8080-exec-2] Token gerado com sucesso
2022-08-31 11:07:22,290 INFO com.ciandt.token.provider.controllers.TokenController [http-nio-8080-exec-8] Recebido requisição para criação de token para chave: joao
2022-08-31 11:07:22,291 INFO com.ciandt.token.provider.controllers.TokenController [http-nio-8080-exec-8] Token gerado com sucesso
2022-08-31 11:07:25,943 ERROR com.ciandt.token.provider.controllers.TokenController [http-nio-8080-exec-9] Erro na requisição: null
2022-08-31 11:11:22,370 INFO org.springframework.boot.StartupInfoLogger [main] Starting TokenProviderApplication using Java 11.0.16 on lnb035937cps with PID 252327 (/home/jmmarao/Documents/my-music/ExceptionsMyMusic/TokenProvider/target/classes started by CIANDT\jmmarao in /home/jmmarao/Documents/my-music/ExceptionsMyMusic/TokenProvider)
2022-08-31 11:11:22,373 INFO org.springframework.boot.SpringApplication [main] No active profile set, falling back to default profiles: default
2022-08-31 11:11:22,915 INFO org.springframework.boot.web.embedded.tomcat.TomcatWebServer [main] Tomcat initialized with port(s): 8080 (http)
2022-08-31 11:11:22,920 INFO org.apache.juli.logging.DirectJDKLog [main] Initializing ProtocolHandler ["http-nio-8080"]
2022-08-31 11:11:22,920 INFO org.apache.juli.logging.DirectJDKLog [main] Starting service [Tomcat]
2022-08-31 11:11:22,920 INFO org.apache.juli.logging.DirectJDKLog [main] Starting Servlet engine: [Apache Tomcat/9.0.56]
2022-08-31 11:11:22,945 INFO org.apache.juli.logging.DirectJDKLog [main] Initializing Spring embedded WebApplicationContext
2022-08-31 11:11:22,945 INFO org.springframework.boot.web.servlet.context.ServletWebServerApplicationContext [main] Root WebApplicationContext: initialization completed in 545 ms
2022-08-31 11:11:23,238 INFO org.springframework.boot.actuate.endpoint.web.EndpointLinksResolver [main] Exposing 1 endpoint(s) beneath base path '/actuator'
2022-08-31 11:11:23,252 INFO org.apache.juli.logging.DirectJDKLog [main] Starting ProtocolHandler ["http-nio-8080"]
2022-08-31 11:11:23,257 INFO org.springframework.boot.web.embedded.tomcat.TomcatWebServer [main] Tomcat started on port(s): 8080 (http) with context path ''
2022-08-31 11:11:23,268 INFO org.springframework.boot.StartupInfoLogger [main] Started TokenProviderApplication in 1.076 seconds (JVM running for 1.488)
2022-08-31 11:11:23,549 INFO org.apache.juli.logging.DirectJDKLog [RMI TCP Connection(2)-127.0.0.1] Initializing Spring DispatcherServlet 'dispatcherServlet'
2022-08-31 11:11:23,549 INFO org.springframework.web.servlet.FrameworkServlet [RMI TCP Connection(2)-127.0.0.1] Initializing Servlet 'dispatcherServlet'
2022-08-31 11:11:23,550 INFO org.springframework.web.servlet.FrameworkServlet [RMI TCP Connection(2)-127.0.0.1] Completed initialization in 0 ms
2022-08-31 11:11:27,575 ERROR com.ciandt.token.provider.controllers.TokenController [http-nio-8080-exec-1] Erro na requisição: null
2022-08-31 11:13:22,612 ERROR com.ciandt.token.provider.controllers.TokenController [http-nio-8080-exec-2] Erro na requisição: null
2022-08-31 11:13:52,105 ERROR com.ciandt.token.provider.controllers.TokenController [http-nio-8080-exec-3] Erro na requisição: null
2022-08-31 11:14:25,423 ERROR com.ciandt.token.provider.controllers.TokenController [http-nio-8080-exec-4] Erro na requisição: null
2022-08-31 11:15:35,856 ERROR com.ciandt.token.provider.controllers.TokenController [http-nio-8080-exec-5] Erro na requisição: null
2022-08-31 11:16:40,668 ERROR com.ciandt.token.provider.controllers.TokenController [http-nio-8080-exec-6] Erro na requisição: null
2022-08-31 11:17:55,682 ERROR com.ciandt.token.provider.controllers.TokenController [http-nio-8080-exec-7] Erro na requisição: null
2022-08-31 11:22:09,080 ERROR com.ciandt.token.provider.controllers.TokenController [http-nio-8080-exec-8] Erro na requisição: null
2022-08-31 11:24:59,824 ERROR com.ciandt.token.provider.controllers.TokenController [http-nio-8080-exec-9] Erro na requisição: null
2022-08-31 11:25:59,372 ERROR com.ciandt.token.provider.controllers.TokenController [http-nio-8080-exec-10] Erro na requisição: null
2022-08-31 11:26:22,058 ERROR com.ciandt.token.provider.controllers.TokenController [http-nio-8080-exec-1] Erro na requisição: null
2022-08-31 11:28:26,870 ERROR com.ciandt.token.provider.controllers.TokenController [http-nio-8080-exec-2] Erro na requisição: null
2022-08-31 11:29:20,939 ERROR com.ciandt.token.provider.controllers.TokenController [http-nio-8080-exec-3] Erro na requisição: null
2022-08-31 11:29:28,042 ERROR com.ciandt.token.provider.controllers.TokenController [http-nio-8080-exec-4] Erro na requisição: null
2022-08-31 11:29:53,415 ERROR com.ciandt.token.provider.controllers.TokenController [http-nio-8080-exec-5] Erro na requisição: null
2022-08-31 11:41:32,498 INFO com.ciandt.token.provider.controllers.TokenController [http-nio-8080-exec-7] Recebido requisição para criação de token para chave: joao
2022-08-31 11:41:32,560 INFO com.ciandt.token.provider.controllers.TokenController [http-nio-8080-exec-7] Token gerado com sucesso
2022-08-31 11:41:45,809 ERROR com.ciandt.token.provider.controllers.TokenController [http-nio-8080-exec-8] Erro na requisição: null
2022-08-31 11:44:49,195 INFO com.ciandt.token.provider.controllers.TokenController [http-nio-8080-exec-10] Recebido requisição para criação de token para chave: null
2022-08-31 11:44:49,195 ERROR com.ciandt.token.provider.controllers.TokenController [http-nio-8080-exec-10] Erro na requisição: Password cannot be set empty
2022-08-31 11:46:19,365 INFO com.ciandt.token.provider.controllers.TokenController [http-nio-8080-exec-1] Recebido requisição para criação de token para chave: joao
2022-08-31 11:46:19,367 INFO com.ciandt.token.provider.controllers.TokenController [http-nio-8080-exec-1] Token gerado com sucesso
2022-08-31 11:46:58,541 INFO com.ciandt.token.provider.controllers.TokenController [http-nio-8080-exec-3] Recebido requisição para criação de token para chave: null
2022-08-31 11:46:58,542 ERROR com.ciandt.token.provider.controllers.TokenController [http-nio-8080-exec-3] Erro na requisição: Password cannot be set empty
2022-08-31 11:47:28,797 INFO com.ciandt.token.provider.controllers.TokenController [http-nio-8080-exec-4] Recebido requisição para criação de token para chave: joao
2022-08-31 11:47:28,798 INFO com.ciandt.token.provider.controllers.TokenController [http-nio-8080-exec-4] Token gerado com sucesso
2022-08-31 12:34:36,237 INFO org.springframework.boot.StartupInfoLogger [main] Starting TokenProviderApplication using Java 11.0.16 on lnb035937cps with PID 273037 (/home/jmmarao/Documents/my-music/ExceptionsMyMusic/TokenProvider/target/classes started by CIANDT\jmmarao in /home/jmmarao/Documents/my-music/ExceptionsMyMusic/TokenProvider)
2022-08-31 12:34:36,238 INFO org.springframework.boot.SpringApplication [main] No active profile set, falling back to default profiles: default
2022-08-31 12:34:36,814 INFO org.springframework.boot.web.embedded.tomcat.TomcatWebServer [main] Tomcat initialized with port(s): 8080 (http)
2022-08-31 12:34:36,817 INFO org.apache.juli.logging.DirectJDKLog [main] Initializing ProtocolHandler ["http-nio-8080"]
2022-08-31 12:34:36,818 INFO org.apache.juli.logging.DirectJDKLog [main] Starting service [Tomcat]
2022-08-31 12:34:36,818 INFO org.apache.juli.logging.DirectJDKLog [main] Starting Servlet engine: [Apache Tomcat/9.0.56]
2022-08-31 12:34:36,842 INFO org.apache.juli.logging.DirectJDKLog [main] Initializing Spring embedded WebApplicationContext
2022-08-31 12:34:36,842 INFO org.springframework.boot.web.servlet.context.ServletWebServerApplicationContext [main] Root WebApplicationContext: initialization completed in 570 ms
2022-08-31 12:34:37,126 INFO org.springframework.boot.actuate.endpoint.web.EndpointLinksResolver [main] Exposing 1 endpoint(s) beneath base path '/actuator'
2022-08-31 12:34:37,140 INFO org.apache.juli.logging.DirectJDKLog [main] Starting ProtocolHandler ["http-nio-8080"]
2022-08-31 12:34:37,146 INFO org.springframework.boot.web.embedded.tomcat.TomcatWebServer [main] Tomcat started on port(s): 8080 (http) with context path ''
2022-08-31 12:34:37,157 INFO org.springframework.boot.StartupInfoLogger [main] Started TokenProviderApplication in 1.178 seconds (JVM running for 1.639)
2022-08-31 12:34:37,302 INFO org.apache.juli.logging.DirectJDKLog [RMI TCP Connection(3)-127.0.0.1] Initializing Spring DispatcherServlet 'dispatcherServlet'
2022-08-31 12:34:37,303 INFO org.springframework.web.servlet.FrameworkServlet [RMI TCP Connection(3)-127.0.0.1] Initializing Servlet 'dispatcherServlet'
2022-08-31 12:34:37,304 INFO org.springframework.web.servlet.FrameworkServlet [RMI TCP Connection(3)-127.0.0.1] Completed initialization in 1 ms
2022-08-31 12:35:49,435 INFO com.ciandt.token.provider.controllers.TokenController [http-nio-8080-exec-2] Recebido requisição para criação de token para chave: joao
2022-08-31 12:35:49,469 INFO com.ciandt.token.provider.controllers.TokenController [http-nio-8080-exec-2] Token gerado com sucesso
2022-08-31 12:36:08,709 INFO com.ciandt.token.provider.controllers.TokenAuthorizerController [http-nio-8080-exec-3] Recebido requisição para geração de token: joao
2022-08-31 12:36:08,711 INFO com.ciandt.token.provider.controllers.TokenAuthorizerController [http-nio-8080-exec-3] Token validado com sucesso
2022-08-31 12:36:18,472 INFO com.ciandt.token.provider.controllers.TokenController [http-nio-8080-exec-4] Recebido requisição para criação de token para chave: joao
2022-08-31 12:36:18,473 INFO com.ciandt.token.provider.controllers.TokenController [http-nio-8080-exec-4] Token gerado com sucesso
2022-08-31 12:37:01,200 INFO com.ciandt.token.provider.controllers.TokenController [http-nio-8080-exec-6] Recebido requisição para criação de token para chave: joao
2022-08-31 12:37:01,201 INFO com.ciandt.token.provider.controllers.TokenController [http-nio-8080-exec-6] Token gerado com sucesso
2022-08-31 12:47:28,550 INFO com.ciandt.token.provider.controllers.TokenController [http-nio-8080-exec-9] Recebido requisição para criação de token para chave: joao
2022-08-31 12:47:28,551 INFO com.ciandt.token.provider.controllers.TokenController [http-nio-8080-exec-9] Token gerado com sucesso
2022-08-31 12:47:28,565 INFO com.ciandt.token.provider.controllers.TokenController [http-nio-8080-exec-10] Recebido requisição para criação de token para chave: joao
2022-08-31 12:47:28,566 INFO com.ciandt.token.provider.controllers.TokenController [http-nio-8080-exec-10] Token gerado com sucesso
2022-08-31 12:47:43,520 INFO com.ciandt.token.provider.controllers.TokenController [http-nio-8080-exec-1] Recebido requisição para criação de token para chave: joao
2022-08-31 12:47:43,521 INFO com.ciandt.token.provider.controllers.TokenController [http-nio-8080-exec-1] Token gerado com sucesso
2022-08-31 12:47:43,527 INFO com.ciandt.token.provider.controllers.TokenController [http-nio-8080-exec-2] Recebido requisição para criação de token para chave: joao
2022-08-31 12:47:43,528 INFO com.ciandt.token.provider.controllers.TokenController [http-nio-8080-exec-2] Token gerado com sucesso
2022-08-31 12:48:53,245 INFO com.ciandt.token.provider.controllers.TokenController [http-nio-8080-exec-4] Recebido requisição para criação de token para chave: joao
2022-08-31 12:48:53,246 INFO com.ciandt.token.provider.controllers.TokenController [http-nio-8080-exec-4] Token gerado com sucesso
2022-08-31 12:48:53,255 INFO com.ciandt.token.provider.controllers.TokenController [http-nio-8080-exec-5] Recebido requisição para criação de token para chave: joao
2022-08-31 12:48:53,257 INFO com.ciandt.token.provider.controllers.TokenController [http-nio-8080-exec-5] Token gerado com sucesso
2022-08-31 12:48:53,262 INFO com.ciandt.token.provider.controllers.TokenController [http-nio-8080-exec-6] Recebido requisição para criação de token para chave: joao
2022-08-31 12:48:53,263 INFO com.ciandt.token.provider.controllers.TokenController [http-nio-8080-exec-6] Token gerado com sucesso
2022-08-31 15:48:44,367 INFO com.ciandt.token.provider.controllers.TokenController [http-nio-8080-exec-8] Recebido requisição para criação de token para chave: joao
2022-08-31 15:48:44,368 INFO com.ciandt.token.provider.controllers.TokenController [http-nio-8080-exec-8] Token gerado com sucesso
2022-08-31 15:49:07,296 INFO com.ciandt.token.provider.controllers.TokenController [http-nio-8080-exec-10] Recebido requisição para criação de token para chave: joao
2022-08-31 15:49:07,297 INFO com.ciandt.token.provider.controllers.TokenController [http-nio-8080-exec-10] Token gerado com sucesso
2022-08-31 16:00:52,794 INFO org.springframework.boot.StartupInfoLogger [main] Starting TokenProviderApplication using Java 11.0.16 on lnb035937cps with PID 303605 (/home/jmmarao/Documents/my-music/ExceptionsMyMusic/TokenProvider/target/classes started by CIANDT\jmmarao in /home/jmmarao/Documents/my-music/ExceptionsMyMusic/TokenProvider)
2022-08-31 16:00:52,796 INFO org.springframework.boot.SpringApplication [main] No active profile set, falling back to default profiles: default
2022-08-31 16:00:53,325 INFO org.springframework.boot.web.embedded.tomcat.TomcatWebServer [main] Tomcat initialized with port(s): 8080 (http)
2022-08-31 16:00:53,330 INFO org.apache.juli.logging.DirectJDKLog [main] Initializing ProtocolHandler ["http-nio-8080"]
2022-08-31 16:00:53,330 INFO org.apache.juli.logging.DirectJDKLog [main] Starting service [Tomcat]
2022-08-31 16:00:53,330 INFO org.apache.juli.logging.DirectJDKLog [main] Starting Servlet engine: [Apache Tomcat/9.0.56]
2022-08-31 16:00:53,356 INFO org.apache.juli.logging.DirectJDKLog [main] Initializing Spring embedded WebApplicationContext
2022-08-31 16:00:53,356 INFO org.springframework.boot.web.servlet.context.ServletWebServerApplicationContext [main] Root WebApplicationContext: initialization completed in 526 ms
2022-08-31 16:00:53,657 INFO org.springframework.boot.actuate.endpoint.web.EndpointLinksResolver [main] Exposing 1 endpoint(s) beneath base path '/actuator'
2022-08-31 16:00:53,670 INFO org.apache.juli.logging.DirectJDKLog [main] Starting ProtocolHandler ["http-nio-8080"]
2022-08-31 16:00:53,675 INFO org.springframework.boot.web.embedded.tomcat.TomcatWebServer [main] Tomcat started on port(s): 8080 (http) with context path ''
2022-08-31 16:00:53,685 INFO org.springframework.boot.StartupInfoLogger [main] Started TokenProviderApplication in 1.102 seconds (JVM running for 1.507)
2022-08-31 16:00:53,784 INFO org.apache.juli.logging.DirectJDKLog [RMI TCP Connection(3)-127.0.0.1] Initializing Spring DispatcherServlet 'dispatcherServlet'
2022-08-31 16:00:53,785 INFO org.springframework.web.servlet.FrameworkServlet [RMI TCP Connection(3)-127.0.0.1] Initializing Servlet 'dispatcherServlet'
2022-08-31 16:00:53,786 INFO org.springframework.web.servlet.FrameworkServlet [RMI TCP Connection(3)-127.0.0.1] Completed initialization in 1 ms
2022-08-31 16:00:57,286 INFO com.ciandt.token.provider.controllers.TokenAuthorizerController [http-nio-8080-exec-1] Recebido requisição para geração de token: joao
2022-08-31 16:00:57,343 ERROR com.ciandt.token.provider.controllers.TokenAuthorizerController [http-nio-8080-exec-1] Requisição inválida: Token expirado
2022-08-31 16:01:28,477 INFO com.ciandt.token.provider.controllers.TokenController [http-nio-8080-exec-2] Recebido requisição para criação de token para chave: joao
2022-08-31 16:01:28,480 INFO com.ciandt.token.provider.controllers.TokenController [http-nio-8080-exec-2] Token gerado com sucesso
2022-08-31 16:01:36,083 INFO com.ciandt.token.provider.controllers.TokenAuthorizerController [http-nio-8080-exec-3] Recebido requisição para geração de token: joao
2022-08-31 16:01:36,085 INFO com.ciandt.token.provider.controllers.TokenAuthorizerController [http-nio-8080-exec-3] Token validado com sucesso
2022-08-31 16:01:38,123 INFO com.ciandt.token.provider.controllers.TokenAuthorizerController [http-nio-8080-exec-4] Recebido requisição para geração de token: joao
2022-08-31 16:01:38,125 INFO com.ciandt.token.provider.controllers.TokenAuthorizerController [http-nio-8080-exec-4] Token validado com sucesso
2022-08-31 16:03:10,652 INFO com.ciandt.token.provider.controllers.TokenAuthorizerController [http-nio-8080-exec-6] Recebido requisição para geração de token: joao
2022-08-31 16:03:10,653 ERROR com.ciandt.token.provider.controllers.TokenAuthorizerController [http-nio-8080-exec-6] Requisição inválida: Token expirado
2022-08-31 16:04:14,234 INFO org.springframework.boot.StartupInfoLogger [main] Starting TokenProviderApplication using Java 11.0.16 on lnb035937cps with PID 304207 (/home/jmmarao/Documents/my-music/ExceptionsMyMusic/TokenProvider/target/classes started by CIANDT\jmmarao in /home/jmmarao/Documents/my-music/ExceptionsMyMusic/TokenProvider)
2022-08-31 16:04:14,236 INFO org.springframework.boot.SpringApplication [main] No active profile set, falling back to default profiles: default
2022-08-31 16:04:14,797 INFO org.springframework.boot.web.embedded.tomcat.TomcatWebServer [main] Tomcat initialized with port(s): 8080 (http)
2022-08-31 16:04:14,801 INFO org.apache.juli.logging.DirectJDKLog [main] Initializing ProtocolHandler ["http-nio-8080"]
2022-08-31 16:04:14,801 INFO org.apache.juli.logging.DirectJDKLog [main] Starting service [Tomcat]
2022-08-31 16:04:14,801 INFO org.apache.juli.logging.DirectJDKLog [main] Starting Servlet engine: [Apache Tomcat/9.0.56]
2022-08-31 16:04:14,830 INFO org.apache.juli.logging.DirectJDKLog [main] Initializing Spring embedded WebApplicationContext
2022-08-31 16:04:14,830 INFO org.springframework.boot.web.servlet.context.ServletWebServerApplicationContext [main] Root WebApplicationContext: initialization completed in 565 ms
2022-08-31 16:04:15,132 INFO org.springframework.boot.actuate.endpoint.web.EndpointLinksResolver [main] Exposing 1 endpoint(s) beneath base path '/actuator'
2022-08-31 16:04:15,152 INFO org.apache.juli.logging.DirectJDKLog [main] Starting ProtocolHandler ["http-nio-8080"]
2022-08-31 16:04:15,158 INFO org.springframework.boot.web.embedded.tomcat.TomcatWebServer [main] Tomcat started on port(s): 8080 (http) with context path ''
2022-08-31 16:04:15,169 INFO org.springframework.boot.StartupInfoLogger [main] Started TokenProviderApplication in 1.163 seconds (JVM running for 1.592)
2022-08-31 16:04:15,440 INFO org.apache.juli.logging.DirectJDKLog [RMI TCP Connection(3)-127.0.0.1] Initializing Spring DispatcherServlet 'dispatcherServlet'
2022-08-31 16:04:15,441 INFO org.springframework.web.servlet.FrameworkServlet [RMI TCP Connection(3)-127.0.0.1] Initializing Servlet 'dispatcherServlet'
2022-08-31 16:04:15,442 INFO org.springframework.web.servlet.FrameworkServlet [RMI TCP Connection(3)-127.0.0.1] Completed initialization in 1 ms
2022-08-31 16:04:27,209 INFO com.ciandt.token.provider.controllers.TokenController [http-nio-8080-exec-1] Recebido requisição para criação de token para chave: joao
2022-08-31 16:04:27,244 INFO com.ciandt.token.provider.controllers.TokenController [http-nio-8080-exec-1] Token gerado com sucesso
2022-08-31 16:04:33,897 INFO com.ciandt.token.provider.controllers.TokenAuthorizerController [http-nio-8080-exec-2] Recebido requisição para geração de token: joao
2022-08-31 16:04:33,899 INFO com.ciandt.token.provider.controllers.TokenAuthorizerController [http-nio-8080-exec-2] Token validado com sucesso
2022-08-31 16:39:13,303 INFO org.springframework.boot.StartupInfoLogger [main] Starting TokenProviderApplication using Java 11.0.16 on lnb035937cps with PID 310882 (/home/jmmarao/Documents/my-music/ExceptionsMyMusic/TokenProvider/target/classes started by CIANDT\jmmarao in /home/jmmarao/Documents/my-music/ExceptionsMyMusic/TokenProvider)
2022-08-31 16:39:13,305 INFO org.springframework.boot.SpringApplication [main] No active profile set, falling back to default profiles: default
2022-08-31 16:39:13,905 INFO org.springframework.boot.web.embedded.tomcat.TomcatWebServer [main] Tomcat initialized with port(s): 8080 (http)
2022-08-31 16:39:13,911 INFO org.apache.juli.logging.DirectJDKLog [main] Initializing ProtocolHandler ["http-nio-8080"]
2022-08-31 16:39:13,911 INFO org.apache.juli.logging.DirectJDKLog [main] Starting service [Tomcat]
2022-08-31 16:39:13,911 INFO org.apache.juli.logging.DirectJDKLog [main] Starting Servlet engine: [Apache Tomcat/9.0.56]
2022-08-31 16:39:13,941 INFO org.apache.juli.logging.DirectJDKLog [main] Initializing Spring embedded WebApplicationContext
2022-08-31 16:39:13,942 INFO org.springframework.boot.web.servlet.context.ServletWebServerApplicationContext [main] Root WebApplicationContext: initialization completed in 609 ms
2022-08-31 16:39:14,276 INFO org.springframework.boot.actuate.endpoint.web.EndpointLinksResolver [main] Exposing 1 endpoint(s) beneath base path '/actuator'
2022-08-31 16:39:14,291 INFO org.apache.juli.logging.DirectJDKLog [main] Starting ProtocolHandler ["http-nio-8080"]
2022-08-31 16:39:14,297 INFO org.springframework.boot.web.embedded.tomcat.TomcatWebServer [main] Tomcat started on port(s): 8080 (http) with context path ''
2022-08-31 16:39:14,308 INFO org.springframework.boot.StartupInfoLogger [main] Started TokenProviderApplication in 1.224 seconds (JVM running for 1.659)
2022-08-31 16:39:14,435 INFO org.apache.juli.logging.DirectJDKLog [RMI TCP Connection(2)-127.0.0.1] Initializing Spring DispatcherServlet 'dispatcherServlet'
2022-08-31 16:39:14,436 INFO org.springframework.web.servlet.FrameworkServlet [RMI TCP Connection(2)-127.0.0.1] Initializing Servlet 'dispatcherServlet'
2022-08-31 16:39:14,437 INFO org.springframework.web.servlet.FrameworkServlet [RMI TCP Connection(2)-127.0.0.1] Completed initialization in 1 ms
2022-08-31 16:39:39,184 INFO com.ciandt.token.provider.controllers.TokenController [http-nio-8080-exec-1] Recebido requisição para criação de token para chave: joao
2022-08-31 16:39:39,216 INFO com.ciandt.token.provider.controllers.TokenController [http-nio-8080-exec-1] Token gerado com sucesso
2022-08-31 16:39:45,084 INFO com.ciandt.token.provider.controllers.TokenAuthorizerController [http-nio-8080-exec-3] Recebido requisição para geração de token: joao
2022-08-31 16:39:45,087 ERROR com.ciandt.token.provider.controllers.TokenAuthorizerController [http-nio-8080-exec-3] Requisição inválida: Token expirado
2022-08-31 16:39:52,774 INFO com.ciandt.token.provider.controllers.TokenAuthorizerController [http-nio-8080-exec-5] Recebido requisição para geração de token: joao
2022-08-31 16:39:52,775 INFO com.ciandt.token.provider.controllers.TokenAuthorizerController [http-nio-8080-exec-5] Token validado com sucesso
2022-08-31 16:57:44,239 INFO org.springframework.boot.StartupInfoLogger [main] Starting TokenProviderApplication using Java 11.0.16 on lnb035937cps with PID 316063 (/home/jmmarao/Documents/my-music/ExceptionsMyMusic/TokenProvider/target/classes started by CIANDT\jmmarao in /home/jmmarao/Documents/my-music/ExceptionsMyMusic/TokenProvider)
2022-08-31 16:57:44,241 INFO org.springframework.boot.SpringApplication [main] No active profile set, falling back to default profiles: default
2022-08-31 16:57:45,265 INFO org.springframework.boot.web.embedded.tomcat.TomcatWebServer [main] Tomcat initialized with port(s): 8080 (http)
2022-08-31 16:57:45,274 INFO org.apache.juli.logging.DirectJDKLog [main] Initializing ProtocolHandler ["http-nio-8080"]
2022-08-31 16:57:45,275 INFO org.apache.juli.logging.DirectJDKLog [main] Starting service [Tomcat]
2022-08-31 16:57:45,275 INFO org.apache.juli.logging.DirectJDKLog [main] Starting Servlet engine: [Apache Tomcat/9.0.56]
2022-08-31 16:57:45,315 INFO org.apache.juli.logging.DirectJDKLog [main] Initializing Spring embedded WebApplicationContext
2022-08-31 16:57:45,315 INFO org.springframework.boot.web.servlet.context.ServletWebServerApplicationContext [main] Root WebApplicationContext: initialization completed in 1018 ms
2022-08-31 16:57:45,730 INFO org.springframework.boot.actuate.endpoint.web.EndpointLinksResolver [main] Exposing 1 endpoint(s) beneath base path '/actuator'
2022-08-31 16:57:45,756 INFO org.apache.juli.logging.DirectJDKLog [main] Starting ProtocolHandler ["http-nio-8080"]
2022-08-31 16:57:45,765 INFO org.springframework.boot.web.embedded.tomcat.TomcatWebServer [main] Tomcat started on port(s): 8080 (http) with context path ''
2022-08-31 16:57:45,781 INFO org.springframework.boot.StartupInfoLogger [main] Started TokenProviderApplication in 1.838 seconds (JVM running for 2.572)
2022-08-31 16:57:45,873 INFO org.apache.juli.logging.DirectJDKLog [RMI TCP Connection(2)-127.0.0.1] Initializing Spring DispatcherServlet 'dispatcherServlet'
2022-08-31 16:57:45,874 INFO org.springframework.web.servlet.FrameworkServlet [RMI TCP Connection(2)-127.0.0.1] Initializing Servlet 'dispatcherServlet'
2022-08-31 16:57:45,875 INFO org.springframework.web.servlet.FrameworkServlet [RMI TCP Connection(2)-127.0.0.1] Completed initialization in 1 ms
2022-08-31 16:57:56,207 INFO com.ciandt.token.provider.controllers.TokenController [http-nio-8080-exec-2] Recebido requisição para criação de token para chave: joao
2022-08-31 16:57:56,310 INFO com.ciandt.token.provider.controllers.TokenController [http-nio-8080-exec-2] Token gerado com sucesso
2022-08-31 16:58:05,268 INFO com.ciandt.token.provider.controllers.TokenAuthorizerController [http-nio-8080-exec-3] Recebido requisição para geração de token: joao
2022-08-31 16:58:05,272 INFO com.ciandt.token.provider.controllers.TokenAuthorizerController [http-nio-8080-exec-3] Token validado com sucesso
2022-08-31 16:58:11,696 INFO com.ciandt.token.provider.controllers.TokenAuthorizerController [http-nio-8080-exec-4] Recebido requisição para geração de token: joao
2022-08-31 16:58:11,698 INFO com.ciandt.token.provider.controllers.TokenAuthorizerController [http-nio-8080-exec-4] Token validado com sucesso
2022-08-31 17:12:32,289 INFO com.ciandt.token.provider.controllers.TokenAuthorizerController [http-nio-8080-exec-7] Recebido requisição para geração de token: joao
2022-08-31 17:12:32,290 ERROR com.ciandt.token.provider.controllers.TokenAuthorizerController [http-nio-8080-exec-7] Requisição inválida: Token expirado
2022-08-31 17:12:45,603 INFO com.ciandt.token.provider.controllers.TokenController [http-nio-8080-exec-8] Recebido requisição para criação de token para chave: joao
2022-08-31 17:12:45,605 INFO com.ciandt.token.provider.controllers.TokenController [http-nio-8080-exec-8] Token gerado com sucesso
2022-08-31 17:12:51,350 INFO com.ciandt.token.provider.controllers.TokenAuthorizerController [http-nio-8080-exec-9] Recebido requisição para geração de token: joao
2022-08-31 17:12:51,351 INFO com.ciandt.token.provider.controllers.TokenAuthorizerController [http-nio-8080-exec-9] Token validado com sucesso
2022-08-31 17:55:05,185 INFO org.springframework.boot.StartupInfoLogger [main] Starting TokenProviderApplication using Java 11.0.16 on lnb035937cps with PID 328661 (/home/jmmarao/Documents/my-music/ExceptionsMyMusic/TokenProvider/target/classes started by CIANDT\jmmarao in /home/jmmarao/Documents/my-music/ExceptionsMyMusic/TokenProvider)
2022-08-31 17:55:05,186 INFO org.springframework.boot.SpringApplication [main] No active profile set, falling back to default profiles: default
2022-08-31 17:55:05,818 INFO org.springframework.boot.web.embedded.tomcat.TomcatWebServer [main] Tomcat initialized with port(s): 8080 (http)
2022-08-31 17:55:05,834 INFO org.apache.juli.logging.DirectJDKLog [main] Initializing ProtocolHandler ["http-nio-8080"]
2022-08-31 17:55:05,835 INFO org.apache.juli.logging.DirectJDKLog [main] Starting service [Tomcat]
2022-08-31 17:55:05,835 INFO org.apache.juli.logging.DirectJDKLog [main] Starting Servlet engine: [Apache Tomcat/9.0.56]
2022-08-31 17:55:05,868 INFO org.apache.juli.logging.DirectJDKLog [main] Initializing Spring embedded WebApplicationContext
2022-08-31 17:55:05,868 INFO org.springframework.boot.web.servlet.context.ServletWebServerApplicationContext [main] Root WebApplicationContext: initialization completed in 651 ms
2022-08-31 17:55:06,163 INFO org.springframework.boot.actuate.endpoint.web.EndpointLinksResolver [main] Exposing 1 endpoint(s) beneath base path '/actuator'
2022-08-31 17:55:06,177 INFO org.apache.juli.logging.DirectJDKLog [main] Starting ProtocolHandler ["http-nio-8080"]
2022-08-31 17:55:06,182 INFO org.springframework.boot.web.embedded.tomcat.TomcatWebServer [main] Tomcat started on port(s): 8080 (http) with context path ''
2022-08-31 17:55:06,193 INFO org.springframework.boot.StartupInfoLogger [main] Started TokenProviderApplication in 1.202 seconds (JVM running for 1.603)
2022-08-31 17:55:06,349 INFO org.apache.juli.logging.DirectJDKLog [RMI TCP Connection(2)-127.0.0.1] Initializing Spring DispatcherServlet 'dispatcherServlet'
2022-08-31 17:55:06,349 INFO org.springframework.web.servlet.FrameworkServlet [RMI TCP Connection(2)-127.0.0.1] Initializing Servlet 'dispatcherServlet'
2022-08-31 17:55:06,350 INFO org.springframework.web.servlet.FrameworkServlet [RMI TCP Connection(2)-127.0.0.1] Completed initialization in 1 ms
2022-08-31 17:55:21,611 INFO com.ciandt.token.provider.controllers.TokenAuthorizerController [http-nio-8080-exec-1] Recebido requisição para geração de token: joao
2022-08-31 17:55:21,654 ERROR com.ciandt.token.provider.controllers.TokenAuthorizerController [http-nio-8080-exec-1] Requisição inválida: Token expirado
2022-08-31 17:55:30,022 INFO com.ciandt.token.provider.controllers.TokenController [http-nio-8080-exec-2] Recebido requisição para criação de token para chave: joao
2022-08-31 17:55:30,025 INFO com.ciandt.token.provider.controllers.TokenController [http-nio-8080-exec-2] Token gerado com sucesso
2022-08-31 17:55:34,916 INFO com.ciandt.token.provider.controllers.TokenAuthorizerController [http-nio-8080-exec-3] Recebido requisição para geração de token: joao
2022-08-31 17:55:34,918 INFO com.ciandt.token.provider.controllers.TokenAuthorizerController [http-nio-8080-exec-3] Token validado com sucesso
2022-08-31 17:56:04,890 INFO com.ciandt.token.provider.controllers.TokenAuthorizerController [http-nio-8080-exec-4] Recebido requisição para geração de token: joao
2022-08-31 17:56:04,892 INFO com.ciandt.token.provider.controllers.TokenAuthorizerController [http-nio-8080-exec-4] Token validado com sucesso
2022-08-31 17:56:10,505 INFO com.ciandt.token.provider.controllers.TokenAuthorizerController [http-nio-8080-exec-5] Recebido requisição para geração de token: joao
2022-08-31 17:56:10,507 INFO com.ciandt.token.provider.controllers.TokenAuthorizerController [http-nio-8080-exec-5] Token validado com sucesso
2022-08-31 17:58:41,103 INFO org.springframework.boot.StartupInfoLogger [main] Starting TokenProviderApplication using Java 11.0.16 on lnb035937cps with PID 329466 (/home/jmmarao/Documents/my-music/ExceptionsMyMusic/TokenProvider/target/classes started by CIANDT\jmmarao in /home/jmmarao/Documents/my-music/ExceptionsMyMusic/TokenProvider)
2022-08-31 17:58:41,105 INFO org.springframework.boot.SpringApplication [main] No active profile set, falling back to default profiles: default
2022-08-31 17:58:41,655 INFO org.springframework.boot.web.embedded.tomcat.TomcatWebServer [main] Tomcat initialized with port(s): 8080 (http)
2022-08-31 17:58:41,658 INFO org.apache.juli.logging.DirectJDKLog [main] Initializing ProtocolHandler ["http-nio-8080"]
2022-08-31 17:58:41,659 INFO org.apache.juli.logging.DirectJDKLog [main] Starting service [Tomcat]
2022-08-31 17:58:41,659 INFO org.apache.juli.logging.DirectJDKLog [main] Starting Servlet engine: [Apache Tomcat/9.0.56]
2022-08-31 17:58:41,682 INFO org.apache.juli.logging.DirectJDKLog [main] Initializing Spring embedded WebApplicationContext
2022-08-31 17:58:41,682 INFO org.springframework.boot.web.servlet.context.ServletWebServerApplicationContext [main] Root WebApplicationContext: initialization completed in 552 ms
2022-08-31 17:58:41,959 INFO org.springframework.boot.actuate.endpoint.web.EndpointLinksResolver [main] Exposing 1 endpoint(s) beneath base path '/actuator'
2022-08-31 17:58:41,974 INFO org.apache.juli.logging.DirectJDKLog [main] Starting ProtocolHandler ["http-nio-8080"]
2022-08-31 17:58:41,979 INFO org.springframework.boot.web.embedded.tomcat.TomcatWebServer [main] Tomcat started on port(s): 8080 (http) with context path ''
2022-08-31 17:58:41,989 INFO org.springframework.boot.StartupInfoLogger [main] Started TokenProviderApplication in 1.075 seconds (JVM running for 1.486)
2022-08-31 17:58:42,331 INFO org.apache.juli.logging.DirectJDKLog [RMI TCP Connection(1)-127.0.0.1] Initializing Spring DispatcherServlet 'dispatcherServlet'
2022-08-31 17:58:42,331 INFO org.springframework.web.servlet.FrameworkServlet [RMI TCP Connection(1)-127.0.0.1] Initializing Servlet 'dispatcherServlet'
2022-08-31 17:58:42,332 INFO org.springframework.web.servlet.FrameworkServlet [RMI TCP Connection(1)-127.0.0.1] Completed initialization in 1 ms
2022-08-31 17:58:51,118 INFO com.ciandt.token.provider.controllers.TokenController [http-nio-8080-exec-1] Recebido requisição para criação de token para chave: joao
2022-08-31 17:58:51,163 INFO com.ciandt.token.provider.controllers.TokenController [http-nio-8080-exec-1] Token gerado com sucesso
2022-08-31 17:59:22,447 INFO com.ciandt.token.provider.controllers.TokenAuthorizerController [http-nio-8080-exec-4] Recebido requisição para geração de token: joao
2022-08-31 17:59:22,449 INFO com.ciandt.token.provider.controllers.TokenAuthorizerController [http-nio-8080-exec-4] Token validado com sucesso
