2022-09-05 11:00:18,965 INFO org.springframework.boot.StartupInfoLogger [main] Starting TokenProviderApplication using Java 11.0.16 on lnb035937cps with PID 37898 (/home/jmmarao/Documents/my-music/ExceptionsMyMusic/TokenProvider/target/classes started by CIANDT\jmmarao in /home/jmmarao/Documents/my-music/ExceptionsMyMusic/TokenProvider)
2022-09-05 11:00:18,968 INFO org.springframework.boot.SpringApplication [main] No active profile set, falling back to default profiles: default
2022-09-05 11:00:19,873 INFO org.springframework.boot.web.embedded.tomcat.TomcatWebServer [main] Tomcat initialized with port(s): 8080 (http)
2022-09-05 11:00:19,877 INFO org.apache.juli.logging.DirectJDKLog [main] Initializing ProtocolHandler ["http-nio-8080"]
2022-09-05 11:00:19,878 INFO org.apache.juli.logging.DirectJDKLog [main] Starting service [Tomcat]
2022-09-05 11:00:19,878 INFO org.apache.juli.logging.DirectJDKLog [main] Starting Servlet engine: [Apache Tomcat/9.0.56]
2022-09-05 11:00:19,913 INFO org.apache.juli.logging.DirectJDKLog [main] Initializing Spring embedded WebApplicationContext
2022-09-05 11:00:19,914 INFO org.springframework.boot.web.servlet.context.ServletWebServerApplicationContext [main] Root WebApplicationContext: initialization completed in 881 ms
2022-09-05 11:00:20,497 INFO org.springframework.boot.actuate.endpoint.web.EndpointLinksResolver [main] Exposing 1 endpoint(s) beneath base path '/actuator'
2022-09-05 11:00:20,520 INFO org.apache.juli.logging.DirectJDKLog [main] Starting ProtocolHandler ["http-nio-8080"]
2022-09-05 11:00:20,531 INFO org.springframework.boot.web.embedded.tomcat.TomcatWebServer [main] Tomcat started on port(s): 8080 (http) with context path ''
2022-09-05 11:00:20,549 INFO org.springframework.boot.StartupInfoLogger [main] Started TokenProviderApplication in 1.933 seconds (JVM running for 2.699)
2022-09-05 11:00:20,694 INFO org.apache.juli.logging.DirectJDKLog [RMI TCP Connection(1)-127.0.0.1] Initializing Spring DispatcherServlet 'dispatcherServlet'
2022-09-05 11:00:20,695 INFO org.springframework.web.servlet.FrameworkServlet [RMI TCP Connection(1)-127.0.0.1] Initializing Servlet 'dispatcherServlet'
2022-09-05 11:00:20,696 INFO org.springframework.web.servlet.FrameworkServlet [RMI TCP Connection(1)-127.0.0.1] Completed initialization in 1 ms
2022-09-05 11:00:27,368 INFO com.ciandt.token.provider.controllers.TokenController [http-nio-8080-exec-1] Recebido requisição para criação de token para chave: joao
2022-09-05 11:00:27,429 INFO com.ciandt.token.provider.controllers.TokenController [http-nio-8080-exec-1] Token gerado com sucesso
2022-09-05 11:01:25,328 INFO com.ciandt.token.provider.controllers.TokenController [http-nio-8080-exec-2] Recebido requisição para criação de token para chave: joao1234
2022-09-05 11:01:25,330 INFO com.ciandt.token.provider.controllers.TokenController [http-nio-8080-exec-2] Token gerado com sucesso
2022-09-05 11:01:41,588 INFO com.ciandt.token.provider.controllers.TokenController [http-nio-8080-exec-3] Recebido requisição para criação de token para chave: joao1234
2022-09-05 11:01:41,591 INFO com.ciandt.token.provider.controllers.TokenController [http-nio-8080-exec-3] Token gerado com sucesso
2022-09-05 11:03:29,591 INFO com.ciandt.token.provider.controllers.TokenController [http-nio-8080-exec-5] Recebido requisição para criação de token para chave: joao
2022-09-05 11:03:29,596 INFO com.ciandt.token.provider.controllers.TokenController [http-nio-8080-exec-5] Token gerado com sucesso
2022-09-05 11:04:28,767 INFO com.ciandt.token.provider.controllers.TokenAuthorizerController [http-nio-8080-exec-6] Recebido requisição para geração de token: joao
2022-09-05 11:04:28,770 INFO com.ciandt.token.provider.controllers.TokenAuthorizerController [http-nio-8080-exec-6] Token validado com sucesso
2022-09-05 11:04:47,581 INFO com.ciandt.token.provider.controllers.TokenAuthorizerController [http-nio-8080-exec-7] Recebido requisição para geração de token: joao
2022-09-05 11:04:47,596 ERROR org.apache.juli.logging.DirectJDKLog [http-nio-8080-exec-7] Servlet.service() for servlet [dispatcherServlet] in context with path [] threw exception [Request processing failed; nested exception is org.jasypt.exceptions.EncryptionOperationNotPossibleException] with root cause
org.jasypt.exceptions.EncryptionOperationNotPossibleException: null
	at org.jasypt.encryption.pbe.StandardPBEByteEncryptor.decrypt(StandardPBEByteEncryptor.java:1169)
	at org.jasypt.encryption.pbe.StandardPBEStringEncryptor.decrypt(StandardPBEStringEncryptor.java:738)
	at com.ciandt.token.provider.services.EncryptServices.decrypt(EncryptServices.java:23)
	at com.ciandt.token.provider.core.usecases.CreateAuthorizerUseCase.execute(CreateAuthorizerUseCase.java:18)
	at com.ciandt.token.provider.controllers.TokenAuthorizerController.createTokenAuthorizer(TokenAuthorizerController.java:33)
	at java.base/jdk.internal.reflect.NativeMethodAccessorImpl.invoke0(Native Method)
	at java.base/jdk.internal.reflect.NativeMethodAccessorImpl.invoke(NativeMethodAccessorImpl.java:62)
	at java.base/jdk.internal.reflect.DelegatingMethodAccessorImpl.invoke(DelegatingMethodAccessorImpl.java:43)
	at java.base/java.lang.reflect.Method.invoke(Method.java:566)
	at org.springframework.web.method.support.InvocableHandlerMethod.doInvoke(InvocableHandlerMethod.java:205)
	at org.springframework.web.method.support.InvocableHandlerMethod.invokeForRequest(InvocableHandlerMethod.java:150)
	at org.springframework.web.servlet.mvc.method.annotation.ServletInvocableHandlerMethod.invokeAndHandle(ServletInvocableHandlerMethod.java:117)
	at org.springframework.web.servlet.mvc.method.annotation.RequestMappingHandlerAdapter.invokeHandlerMethod(RequestMappingHandlerAdapter.java:895)
	at org.springframework.web.servlet.mvc.method.annotation.RequestMappingHandlerAdapter.handleInternal(RequestMappingHandlerAdapter.java:808)
	at org.springframework.web.servlet.mvc.method.AbstractHandlerMethodAdapter.handle(AbstractHandlerMethodAdapter.java:87)
	at org.springframework.web.servlet.DispatcherServlet.doDispatch(DispatcherServlet.java:1067)
	at org.springframework.web.servlet.DispatcherServlet.doService(DispatcherServlet.java:963)
	at org.springframework.web.servlet.FrameworkServlet.processRequest(FrameworkServlet.java:1006)
	at org.springframework.web.servlet.FrameworkServlet.doPost(FrameworkServlet.java:909)
	at javax.servlet.http.HttpServlet.service(HttpServlet.java:681)
	at org.springframework.web.servlet.FrameworkServlet.service(FrameworkServlet.java:883)
	at javax.servlet.http.HttpServlet.service(HttpServlet.java:764)
	at org.apache.catalina.core.ApplicationFilterChain.internalDoFilter(ApplicationFilterChain.java:227)
	at org.apache.catalina.core.ApplicationFilterChain.doFilter(ApplicationFilterChain.java:162)
	at org.apache.tomcat.websocket.server.WsFilter.doFilter(WsFilter.java:53)
	at org.apache.catalina.core.ApplicationFilterChain.internalDoFilter(ApplicationFilterChain.java:189)
	at org.apache.catalina.core.ApplicationFilterChain.doFilter(ApplicationFilterChain.java:162)
	at org.springframework.web.filter.RequestContextFilter.doFilterInternal(RequestContextFilter.java:100)
	at org.springframework.web.filter.OncePerRequestFilter.doFilter(OncePerRequestFilter.java:117)
	at org.apache.catalina.core.ApplicationFilterChain.internalDoFilter(ApplicationFilterChain.java:189)
	at org.apache.catalina.core.ApplicationFilterChain.doFilter(ApplicationFilterChain.java:162)
	at org.springframework.web.filter.FormContentFilter.doFilterInternal(FormContentFilter.java:93)
	at org.springframework.web.filter.OncePerRequestFilter.doFilter(OncePerRequestFilter.java:117)
	at org.apache.catalina.core.ApplicationFilterChain.internalDoFilter(ApplicationFilterChain.java:189)
	at org.apache.catalina.core.ApplicationFilterChain.doFilter(ApplicationFilterChain.java:162)
	at org.springframework.boot.actuate.metrics.web.servlet.WebMvcMetricsFilter.doFilterInternal(WebMvcMetricsFilter.java:96)
	at org.springframework.web.filter.OncePerRequestFilter.doFilter(OncePerRequestFilter.java:117)
	at org.apache.catalina.core.ApplicationFilterChain.internalDoFilter(ApplicationFilterChain.java:189)
	at org.apache.catalina.core.ApplicationFilterChain.doFilter(ApplicationFilterChain.java:162)
	at org.springframework.web.filter.CharacterEncodingFilter.doFilterInternal(CharacterEncodingFilter.java:201)
	at org.springframework.web.filter.OncePerRequestFilter.doFilter(OncePerRequestFilter.java:117)
	at org.apache.catalina.core.ApplicationFilterChain.internalDoFilter(ApplicationFilterChain.java:189)
	at org.apache.catalina.core.ApplicationFilterChain.doFilter(ApplicationFilterChain.java:162)
	at org.apache.catalina.core.StandardWrapperValve.invoke(StandardWrapperValve.java:197)
	at org.apache.catalina.core.StandardContextValve.invoke(StandardContextValve.java:97)
	at org.apache.catalina.authenticator.AuthenticatorBase.invoke(AuthenticatorBase.java:540)
	at org.apache.catalina.core.StandardHostValve.invoke(StandardHostValve.java:135)
	at org.apache.catalina.valves.ErrorReportValve.invoke(ErrorReportValve.java:92)
	at org.apache.catalina.core.StandardEngineValve.invoke(StandardEngineValve.java:78)
	at org.apache.catalina.connector.CoyoteAdapter.service(CoyoteAdapter.java:357)
	at org.apache.coyote.http11.Http11Processor.service(Http11Processor.java:382)
	at org.apache.coyote.AbstractProcessorLight.process(AbstractProcessorLight.java:65)
	at org.apache.coyote.AbstractProtocol$ConnectionHandler.process(AbstractProtocol.java:895)
	at org.apache.tomcat.util.net.NioEndpoint$SocketProcessor.doRun(NioEndpoint.java:1732)
	at org.apache.tomcat.util.net.SocketProcessorBase.run(SocketProcessorBase.java:49)
	at org.apache.tomcat.util.threads.ThreadPoolExecutor.runWorker(ThreadPoolExecutor.java:1191)
	at org.apache.tomcat.util.threads.ThreadPoolExecutor$Worker.run(ThreadPoolExecutor.java:659)
	at org.apache.tomcat.util.threads.TaskThread$WrappingRunnable.run(TaskThread.java:61)
	at java.base/java.lang.Thread.run(Thread.java:829)
2022-09-05 11:05:56,397 INFO com.ciandt.token.provider.controllers.TokenAuthorizerController [http-nio-8080-exec-8] Recebido requisição para geração de token: joao
2022-09-05 11:05:56,398 ERROR com.ciandt.token.provider.controllers.TokenAuthorizerController [http-nio-8080-exec-8] Requisição inválida: Token expirado
2022-09-05 11:06:02,798 INFO com.ciandt.token.provider.controllers.TokenController [http-nio-8080-exec-9] Recebido requisição para criação de token para chave: joao
2022-09-05 11:06:02,800 INFO com.ciandt.token.provider.controllers.TokenController [http-nio-8080-exec-9] Token gerado com sucesso
2022-09-05 11:06:08,784 INFO com.ciandt.token.provider.controllers.TokenAuthorizerController [http-nio-8080-exec-10] Recebido requisição para geração de token: joao
2022-09-05 11:06:08,786 INFO com.ciandt.token.provider.controllers.TokenAuthorizerController [http-nio-8080-exec-10] Token validado com sucesso
2022-09-05 11:50:00,433 INFO org.springframework.boot.StartupInfoLogger [main] Starting TokenProviderApplication using Java 11.0.16 on lnb036081spo with PID 4188598 (/home/arnald/ExceptionsMyMusic/TokenProvider/target/classes started by CIANDT\arnald in /home/arnald/ExceptionsMyMusic/TokenProvider)
2022-09-05 11:50:00,437 INFO org.springframework.boot.SpringApplication [main] No active profile set, falling back to default profiles: default
2022-09-05 11:50:01,715 INFO org.springframework.boot.web.embedded.tomcat.TomcatWebServer [main] Tomcat initialized with port(s): 8080 (http)
2022-09-05 11:50:01,728 INFO org.apache.juli.logging.DirectJDKLog [main] Initializing ProtocolHandler ["http-nio-8080"]
2022-09-05 11:50:01,729 INFO org.apache.juli.logging.DirectJDKLog [main] Starting service [Tomcat]
2022-09-05 11:50:01,729 INFO org.apache.juli.logging.DirectJDKLog [main] Starting Servlet engine: [Apache Tomcat/9.0.56]
2022-09-05 11:50:01,792 INFO org.apache.juli.logging.DirectJDKLog [main] Initializing Spring embedded WebApplicationContext
2022-09-05 11:50:01,793 INFO org.springframework.boot.web.servlet.context.ServletWebServerApplicationContext [main] Root WebApplicationContext: initialization completed in 1296 ms
2022-09-05 11:50:02,501 INFO org.springframework.boot.actuate.endpoint.web.EndpointLinksResolver [main] Exposing 1 endpoint(s) beneath base path '/actuator'
2022-09-05 11:50:02,527 INFO org.apache.juli.logging.DirectJDKLog [main] Starting ProtocolHandler ["http-nio-8080"]
2022-09-05 11:50:02,531 WARN org.springframework.context.support.AbstractApplicationContext [main] Exception encountered during context initialization - cancelling refresh attempt: org.springframework.context.ApplicationContextException: Failed to start bean 'webServerStartStop'; nested exception is org.springframework.boot.web.server.PortInUseException: Port 8080 is already in use
2022-09-05 11:50:02,538 INFO org.apache.juli.logging.DirectJDKLog [main] Pausing ProtocolHandler ["http-nio-8080"]
2022-09-05 11:50:02,538 INFO org.apache.juli.logging.DirectJDKLog [main] Stopping service [Tomcat]
2022-09-05 11:50:02,551 INFO org.apache.juli.logging.DirectJDKLog [main] Stopping ProtocolHandler ["http-nio-8080"]
2022-09-05 11:50:02,553 INFO org.apache.juli.logging.DirectJDKLog [main] Destroying ProtocolHandler ["http-nio-8080"]
2022-09-05 11:50:02,567 INFO org.springframework.boot.autoconfigure.logging.ConditionEvaluationReportLoggingListener [main] 

Error starting ApplicationContext. To display the conditions report re-run your application with 'debug' enabled.
2022-09-05 11:50:02,581 ERROR org.springframework.boot.diagnostics.LoggingFailureAnalysisReporter [main] 

***************************
APPLICATION FAILED TO START
***************************

Description:

Web server failed to start. Port 8080 was already in use.

Action:

Identify and stop the process that's listening on port 8080 or configure this application to listen on another port.

2022-09-05 11:50:36,245 INFO org.springframework.boot.StartupInfoLogger [main] Starting TokenProviderApplication using Java 11.0.16 on lnb036081spo with PID 4188733 (/home/arnald/ExceptionsMyMusic/TokenProvider/target/classes started by CIANDT\arnald in /home/arnald/ExceptionsMyMusic/TokenProvider)
2022-09-05 11:50:36,249 INFO org.springframework.boot.SpringApplication [main] No active profile set, falling back to default profiles: default
2022-09-05 11:50:37,447 INFO org.springframework.boot.web.embedded.tomcat.TomcatWebServer [main] Tomcat initialized with port(s): 8080 (http)
2022-09-05 11:50:37,459 INFO org.apache.juli.logging.DirectJDKLog [main] Initializing ProtocolHandler ["http-nio-8080"]
2022-09-05 11:50:37,459 INFO org.apache.juli.logging.DirectJDKLog [main] Starting service [Tomcat]
2022-09-05 11:50:37,460 INFO org.apache.juli.logging.DirectJDKLog [main] Starting Servlet engine: [Apache Tomcat/9.0.56]
2022-09-05 11:50:37,534 INFO org.apache.juli.logging.DirectJDKLog [main] Initializing Spring embedded WebApplicationContext
2022-09-05 11:50:37,534 INFO org.springframework.boot.web.servlet.context.ServletWebServerApplicationContext [main] Root WebApplicationContext: initialization completed in 1227 ms
2022-09-05 11:50:38,301 INFO org.springframework.boot.actuate.endpoint.web.EndpointLinksResolver [main] Exposing 1 endpoint(s) beneath base path '/actuator'
2022-09-05 11:50:38,363 INFO org.apache.juli.logging.DirectJDKLog [main] Starting ProtocolHandler ["http-nio-8080"]
2022-09-05 11:50:38,409 INFO org.springframework.boot.web.embedded.tomcat.TomcatWebServer [main] Tomcat started on port(s): 8080 (http) with context path ''
2022-09-05 11:50:38,432 INFO org.springframework.boot.StartupInfoLogger [main] Started TokenProviderApplication in 2.716 seconds (JVM running for 3.271)
2022-09-05 11:51:33,967 INFO org.apache.juli.logging.DirectJDKLog [http-nio-8080-exec-1] Initializing Spring DispatcherServlet 'dispatcherServlet'
2022-09-05 11:51:33,967 INFO org.springframework.web.servlet.FrameworkServlet [http-nio-8080-exec-1] Initializing Servlet 'dispatcherServlet'
2022-09-05 11:51:33,969 INFO org.springframework.web.servlet.FrameworkServlet [http-nio-8080-exec-1] Completed initialization in 2 ms
2022-09-05 11:51:34,117 INFO com.ciandt.token.provider.controllers.TokenController [http-nio-8080-exec-1] Recebido requisição para criação de token para chave: arnald
2022-09-05 11:51:34,183 INFO com.ciandt.token.provider.controllers.TokenController [http-nio-8080-exec-1] Token gerado com sucesso
2022-09-05 11:51:44,637 INFO com.ciandt.token.provider.controllers.TokenController [http-nio-8080-exec-2] Recebido requisição para criação de token para chave: joao
2022-09-05 11:51:44,639 INFO com.ciandt.token.provider.controllers.TokenController [http-nio-8080-exec-2] Token gerado com sucesso
2022-09-05 11:53:59,098 INFO com.ciandt.token.provider.controllers.TokenAuthorizerController [http-nio-8080-exec-4] Recebido requisição para geração de token: joao
2022-09-05 11:53:59,103 ERROR com.ciandt.token.provider.controllers.TokenAuthorizerController [http-nio-8080-exec-4] Requisição inválida: Token expirado
2022-09-05 11:54:07,774 INFO com.ciandt.token.provider.controllers.TokenController [http-nio-8080-exec-5] Recebido requisição para criação de token para chave: joao
2022-09-05 11:54:07,775 INFO com.ciandt.token.provider.controllers.TokenController [http-nio-8080-exec-5] Token gerado com sucesso
2022-09-05 11:54:17,770 INFO com.ciandt.token.provider.controllers.TokenAuthorizerController [http-nio-8080-exec-6] Recebido requisição para geração de token: joao
2022-09-05 11:54:17,772 INFO com.ciandt.token.provider.controllers.TokenAuthorizerController [http-nio-8080-exec-6] Token validado com sucesso
2022-09-05 12:11:28,458 INFO com.ciandt.token.provider.controllers.TokenController [http-nio-8080-exec-8] Recebido requisição para criação de token para chave: joao
2022-09-05 12:11:28,473 INFO com.ciandt.token.provider.controllers.TokenController [http-nio-8080-exec-8] Token gerado com sucesso
2022-09-05 12:11:42,641 INFO com.ciandt.token.provider.controllers.TokenAuthorizerController [http-nio-8080-exec-9] Recebido requisição para geração de token: joao
2022-09-05 12:11:42,646 INFO com.ciandt.token.provider.controllers.TokenAuthorizerController [http-nio-8080-exec-9] Token validado com sucesso
2022-09-05 12:11:49,565 INFO com.ciandt.token.provider.controllers.TokenAuthorizerController [http-nio-8080-exec-10] Recebido requisição para geração de token: joao
2022-09-05 12:11:49,581 ERROR org.apache.juli.logging.DirectJDKLog [http-nio-8080-exec-10] Servlet.service() for servlet [dispatcherServlet] in context with path [] threw exception [Request processing failed; nested exception is org.jasypt.exceptions.EncryptionOperationNotPossibleException] with root cause
org.jasypt.exceptions.EncryptionOperationNotPossibleException: null
	at org.jasypt.encryption.pbe.StandardPBEByteEncryptor.decrypt(StandardPBEByteEncryptor.java:1169)
	at org.jasypt.encryption.pbe.StandardPBEStringEncryptor.decrypt(StandardPBEStringEncryptor.java:738)
	at com.ciandt.token.provider.services.EncryptServices.decrypt(EncryptServices.java:23)
	at com.ciandt.token.provider.core.usecases.CreateAuthorizerUseCase.execute(CreateAuthorizerUseCase.java:18)
	at com.ciandt.token.provider.controllers.TokenAuthorizerController.createTokenAuthorizer(TokenAuthorizerController.java:33)
	at java.base/jdk.internal.reflect.NativeMethodAccessorImpl.invoke0(Native Method)
	at java.base/jdk.internal.reflect.NativeMethodAccessorImpl.invoke(NativeMethodAccessorImpl.java:62)
	at java.base/jdk.internal.reflect.DelegatingMethodAccessorImpl.invoke(DelegatingMethodAccessorImpl.java:43)
	at java.base/java.lang.reflect.Method.invoke(Method.java:566)
	at org.springframework.web.method.support.InvocableHandlerMethod.doInvoke(InvocableHandlerMethod.java:205)
	at org.springframework.web.method.support.InvocableHandlerMethod.invokeForRequest(InvocableHandlerMethod.java:150)
	at org.springframework.web.servlet.mvc.method.annotation.ServletInvocableHandlerMethod.invokeAndHandle(ServletInvocableHandlerMethod.java:117)
	at org.springframework.web.servlet.mvc.method.annotation.RequestMappingHandlerAdapter.invokeHandlerMethod(RequestMappingHandlerAdapter.java:895)
	at org.springframework.web.servlet.mvc.method.annotation.RequestMappingHandlerAdapter.handleInternal(RequestMappingHandlerAdapter.java:808)
	at org.springframework.web.servlet.mvc.method.AbstractHandlerMethodAdapter.handle(AbstractHandlerMethodAdapter.java:87)
	at org.springframework.web.servlet.DispatcherServlet.doDispatch(DispatcherServlet.java:1067)
	at org.springframework.web.servlet.DispatcherServlet.doService(DispatcherServlet.java:963)
	at org.springframework.web.servlet.FrameworkServlet.processRequest(FrameworkServlet.java:1006)
	at org.springframework.web.servlet.FrameworkServlet.doPost(FrameworkServlet.java:909)
	at javax.servlet.http.HttpServlet.service(HttpServlet.java:681)
	at org.springframework.web.servlet.FrameworkServlet.service(FrameworkServlet.java:883)
	at javax.servlet.http.HttpServlet.service(HttpServlet.java:764)
	at org.apache.catalina.core.ApplicationFilterChain.internalDoFilter(ApplicationFilterChain.java:227)
	at org.apache.catalina.core.ApplicationFilterChain.doFilter(ApplicationFilterChain.java:162)
	at org.apache.tomcat.websocket.server.WsFilter.doFilter(WsFilter.java:53)
	at org.apache.catalina.core.ApplicationFilterChain.internalDoFilter(ApplicationFilterChain.java:189)
	at org.apache.catalina.core.ApplicationFilterChain.doFilter(ApplicationFilterChain.java:162)
	at org.springframework.web.filter.RequestContextFilter.doFilterInternal(RequestContextFilter.java:100)
	at org.springframework.web.filter.OncePerRequestFilter.doFilter(OncePerRequestFilter.java:117)
	at org.apache.catalina.core.ApplicationFilterChain.internalDoFilter(ApplicationFilterChain.java:189)
	at org.apache.catalina.core.ApplicationFilterChain.doFilter(ApplicationFilterChain.java:162)
	at org.springframework.web.filter.FormContentFilter.doFilterInternal(FormContentFilter.java:93)
	at org.springframework.web.filter.OncePerRequestFilter.doFilter(OncePerRequestFilter.java:117)
	at org.apache.catalina.core.ApplicationFilterChain.internalDoFilter(ApplicationFilterChain.java:189)
	at org.apache.catalina.core.ApplicationFilterChain.doFilter(ApplicationFilterChain.java:162)
	at org.springframework.boot.actuate.metrics.web.servlet.WebMvcMetricsFilter.doFilterInternal(WebMvcMetricsFilter.java:96)
	at org.springframework.web.filter.OncePerRequestFilter.doFilter(OncePerRequestFilter.java:117)
	at org.apache.catalina.core.ApplicationFilterChain.internalDoFilter(ApplicationFilterChain.java:189)
	at org.apache.catalina.core.ApplicationFilterChain.doFilter(ApplicationFilterChain.java:162)
	at org.springframework.web.filter.CharacterEncodingFilter.doFilterInternal(CharacterEncodingFilter.java:201)
	at org.springframework.web.filter.OncePerRequestFilter.doFilter(OncePerRequestFilter.java:117)
	at org.apache.catalina.core.ApplicationFilterChain.internalDoFilter(ApplicationFilterChain.java:189)
	at org.apache.catalina.core.ApplicationFilterChain.doFilter(ApplicationFilterChain.java:162)
	at org.apache.catalina.core.StandardWrapperValve.invoke(StandardWrapperValve.java:197)
	at org.apache.catalina.core.StandardContextValve.invoke(StandardContextValve.java:97)
	at org.apache.catalina.authenticator.AuthenticatorBase.invoke(AuthenticatorBase.java:540)
	at org.apache.catalina.core.StandardHostValve.invoke(StandardHostValve.java:135)
	at org.apache.catalina.valves.ErrorReportValve.invoke(ErrorReportValve.java:92)
	at org.apache.catalina.core.StandardEngineValve.invoke(StandardEngineValve.java:78)
	at org.apache.catalina.connector.CoyoteAdapter.service(CoyoteAdapter.java:357)
	at org.apache.coyote.http11.Http11Processor.service(Http11Processor.java:382)
	at org.apache.coyote.AbstractProcessorLight.process(AbstractProcessorLight.java:65)
	at org.apache.coyote.AbstractProtocol$ConnectionHandler.process(AbstractProtocol.java:895)
	at org.apache.tomcat.util.net.NioEndpoint$SocketProcessor.doRun(NioEndpoint.java:1732)
	at org.apache.tomcat.util.net.SocketProcessorBase.run(SocketProcessorBase.java:49)
	at org.apache.tomcat.util.threads.ThreadPoolExecutor.runWorker(ThreadPoolExecutor.java:1191)
	at org.apache.tomcat.util.threads.ThreadPoolExecutor$Worker.run(ThreadPoolExecutor.java:659)
	at org.apache.tomcat.util.threads.TaskThread$WrappingRunnable.run(TaskThread.java:61)
	at java.base/java.lang.Thread.run(Thread.java:829)
2022-09-05 12:11:53,236 INFO com.ciandt.token.provider.controllers.TokenAuthorizerController [http-nio-8080-exec-1] Recebido requisição para geração de token: joao
2022-09-05 12:11:53,239 INFO com.ciandt.token.provider.controllers.TokenAuthorizerController [http-nio-8080-exec-1] Token validado com sucesso
2022-09-05 16:55:10,913 INFO org.springframework.boot.StartupInfoLogger [main] Starting TokenProviderApplication using Java 11.0.16 on lnb036081spo with PID 26516 (/home/arnald/ExceptionsMyMusic/TokenProvider/target/classes started by CIANDT\arnald in /home/arnald/ExceptionsMyMusic/TokenProvider)
2022-09-05 16:55:10,915 INFO org.springframework.boot.SpringApplication [main] No active profile set, falling back to default profiles: default
2022-09-05 16:55:11,714 INFO org.springframework.boot.web.embedded.tomcat.TomcatWebServer [main] Tomcat initialized with port(s): 8080 (http)
2022-09-05 16:55:11,722 INFO org.apache.juli.logging.DirectJDKLog [main] Initializing ProtocolHandler ["http-nio-8080"]
2022-09-05 16:55:11,722 INFO org.apache.juli.logging.DirectJDKLog [main] Starting service [Tomcat]
2022-09-05 16:55:11,723 INFO org.apache.juli.logging.DirectJDKLog [main] Starting Servlet engine: [Apache Tomcat/9.0.56]
2022-09-05 16:55:11,762 INFO org.apache.juli.logging.DirectJDKLog [main] Initializing Spring embedded WebApplicationContext
2022-09-05 16:55:11,763 INFO org.springframework.boot.web.servlet.context.ServletWebServerApplicationContext [main] Root WebApplicationContext: initialization completed in 808 ms
2022-09-05 16:55:12,185 INFO org.springframework.boot.actuate.endpoint.web.EndpointLinksResolver [main] Exposing 1 endpoint(s) beneath base path '/actuator'
2022-09-05 16:55:12,201 INFO org.apache.juli.logging.DirectJDKLog [main] Starting ProtocolHandler ["http-nio-8080"]
2022-09-05 16:55:12,208 INFO org.springframework.boot.web.embedded.tomcat.TomcatWebServer [main] Tomcat started on port(s): 8080 (http) with context path ''
2022-09-05 16:55:12,219 INFO org.springframework.boot.StartupInfoLogger [main] Started TokenProviderApplication in 1.612 seconds (JVM running for 2.029)
