2022-09-03 14:17:33,075 INFO org.springframework.boot.StartupInfoLogger [main] Starting TokenProviderApplication using Java 11.0.16 on lnb035937cps with PID 137652 (/home/jmmarao/Documents/my-music/ExceptionsMyMusic/TokenProvider/target/classes started by CIANDT\jmmarao in /home/jmmarao/Documents/my-music/ExceptionsMyMusic/TokenProvider)
2022-09-03 14:17:33,077 INFO org.springframework.boot.SpringApplication [main] No active profile set, falling back to default profiles: default
2022-09-03 14:17:33,645 INFO org.springframework.boot.web.embedded.tomcat.TomcatWebServer [main] Tomcat initialized with port(s): 8080 (http)
2022-09-03 14:17:33,649 INFO org.apache.juli.logging.DirectJDKLog [main] Initializing ProtocolHandler ["http-nio-8080"]
2022-09-03 14:17:33,650 INFO org.apache.juli.logging.DirectJDKLog [main] Starting service [Tomcat]
2022-09-03 14:17:33,650 INFO org.apache.juli.logging.DirectJDKLog [main] Starting Servlet engine: [Apache Tomcat/9.0.56]
2022-09-03 14:17:33,682 INFO org.apache.juli.logging.DirectJDKLog [main] Initializing Spring embedded WebApplicationContext
2022-09-03 14:17:33,682 INFO org.springframework.boot.web.servlet.context.ServletWebServerApplicationContext [main] Root WebApplicationContext: initialization completed in 579 ms
2022-09-03 14:17:33,987 INFO org.springframework.boot.actuate.endpoint.web.EndpointLinksResolver [main] Exposing 1 endpoint(s) beneath base path '/actuator'
2022-09-03 14:17:34,005 INFO org.apache.juli.logging.DirectJDKLog [main] Starting ProtocolHandler ["http-nio-8080"]
2022-09-03 14:17:34,010 INFO org.springframework.boot.web.embedded.tomcat.TomcatWebServer [main] Tomcat started on port(s): 8080 (http) with context path ''
2022-09-03 14:17:34,022 INFO org.springframework.boot.StartupInfoLogger [main] Started TokenProviderApplication in 1.159 seconds (JVM running for 1.594)
2022-09-03 14:17:34,142 INFO org.apache.juli.logging.DirectJDKLog [RMI TCP Connection(2)-127.0.0.1] Initializing Spring DispatcherServlet 'dispatcherServlet'
2022-09-03 14:17:34,142 INFO org.springframework.web.servlet.FrameworkServlet [RMI TCP Connection(2)-127.0.0.1] Initializing Servlet 'dispatcherServlet'
2022-09-03 14:17:34,144 INFO org.springframework.web.servlet.FrameworkServlet [RMI TCP Connection(2)-127.0.0.1] Completed initialization in 2 ms
2022-09-03 14:21:44,828 INFO com.ciandt.token.provider.controllers.TokenAuthorizerController [http-nio-8080-exec-1] Recebido requisição para geração de token: joao
2022-09-03 14:21:44,868 ERROR com.ciandt.token.provider.controllers.TokenAuthorizerController [http-nio-8080-exec-1] Requisição inválida: Token expirado
2022-09-03 14:22:41,404 INFO com.ciandt.token.provider.controllers.TokenAuthorizerController [http-nio-8080-exec-2] Recebido requisição para geração de token: joao
2022-09-03 14:22:41,405 ERROR com.ciandt.token.provider.controllers.TokenAuthorizerController [http-nio-8080-exec-2] Requisição inválida: Token expirado
2022-09-03 14:25:17,734 INFO com.ciandt.token.provider.controllers.TokenAuthorizerController [http-nio-8080-exec-3] Recebido requisição para geração de token: joao
2022-09-03 14:25:17,736 ERROR com.ciandt.token.provider.controllers.TokenAuthorizerController [http-nio-8080-exec-3] Requisição inválida: Token expirado
2022-09-03 14:25:31,168 INFO com.ciandt.token.provider.controllers.TokenAuthorizerController [http-nio-8080-exec-4] Recebido requisição para geração de token: joao
2022-09-03 14:25:31,170 ERROR com.ciandt.token.provider.controllers.TokenAuthorizerController [http-nio-8080-exec-4] Requisição inválida: Token expirado
2022-09-03 14:26:19,877 INFO com.ciandt.token.provider.controllers.TokenAuthorizerController [http-nio-8080-exec-5] Recebido requisição para geração de token: joao
2022-09-03 14:26:19,878 ERROR com.ciandt.token.provider.controllers.TokenAuthorizerController [http-nio-8080-exec-5] Requisição inválida: Token expirado
2022-09-03 14:26:32,431 INFO com.ciandt.token.provider.controllers.TokenAuthorizerController [http-nio-8080-exec-6] Recebido requisição para geração de token: joao
2022-09-03 14:26:32,432 ERROR com.ciandt.token.provider.controllers.TokenAuthorizerController [http-nio-8080-exec-6] Requisição inválida: Token expirado
2022-09-03 14:26:59,133 INFO com.ciandt.token.provider.controllers.TokenAuthorizerController [http-nio-8080-exec-7] Recebido requisição para geração de token: joao
2022-09-03 14:26:59,134 ERROR com.ciandt.token.provider.controllers.TokenAuthorizerController [http-nio-8080-exec-7] Requisição inválida: Token expirado
2022-09-03 14:28:06,357 INFO com.ciandt.token.provider.controllers.TokenAuthorizerController [http-nio-8080-exec-8] Recebido requisição para geração de token: joao
2022-09-03 14:28:06,359 ERROR com.ciandt.token.provider.controllers.TokenAuthorizerController [http-nio-8080-exec-8] Requisição inválida: Token expirado
2022-09-03 14:37:47,594 INFO org.springframework.boot.StartupInfoLogger [main] Starting TokenProviderApplication using Java 11.0.16 on lnb035937cps with PID 143093 (/home/jmmarao/Documents/my-music/ExceptionsMyMusic/TokenProvider/target/classes started by CIANDT\jmmarao in /home/jmmarao/Documents/my-music/ExceptionsMyMusic/TokenProvider)
2022-09-03 14:37:47,596 INFO org.springframework.boot.SpringApplication [main] No active profile set, falling back to default profiles: default
2022-09-03 14:37:48,192 INFO org.springframework.boot.web.embedded.tomcat.TomcatWebServer [main] Tomcat initialized with port(s): 8080 (http)
2022-09-03 14:37:48,197 INFO org.apache.juli.logging.DirectJDKLog [main] Initializing ProtocolHandler ["http-nio-8080"]
2022-09-03 14:37:48,198 INFO org.apache.juli.logging.DirectJDKLog [main] Starting service [Tomcat]
2022-09-03 14:37:48,198 INFO org.apache.juli.logging.DirectJDKLog [main] Starting Servlet engine: [Apache Tomcat/9.0.56]
2022-09-03 14:37:48,224 INFO org.apache.juli.logging.DirectJDKLog [main] Initializing Spring embedded WebApplicationContext
2022-09-03 14:37:48,224 INFO org.springframework.boot.web.servlet.context.ServletWebServerApplicationContext [main] Root WebApplicationContext: initialization completed in 593 ms
2022-09-03 14:37:48,558 INFO org.springframework.boot.actuate.endpoint.web.EndpointLinksResolver [main] Exposing 1 endpoint(s) beneath base path '/actuator'
2022-09-03 14:37:48,584 INFO org.apache.juli.logging.DirectJDKLog [main] Starting ProtocolHandler ["http-nio-8080"]
2022-09-03 14:37:48,590 INFO org.springframework.boot.web.embedded.tomcat.TomcatWebServer [main] Tomcat started on port(s): 8080 (http) with context path ''
2022-09-03 14:37:48,603 INFO org.springframework.boot.StartupInfoLogger [main] Started TokenProviderApplication in 1.25 seconds (JVM running for 1.649)
2022-09-03 14:37:49,092 INFO org.apache.juli.logging.DirectJDKLog [RMI TCP Connection(1)-127.0.0.1] Initializing Spring DispatcherServlet 'dispatcherServlet'
2022-09-03 14:37:49,092 INFO org.springframework.web.servlet.FrameworkServlet [RMI TCP Connection(1)-127.0.0.1] Initializing Servlet 'dispatcherServlet'
2022-09-03 14:37:49,093 INFO org.springframework.web.servlet.FrameworkServlet [RMI TCP Connection(1)-127.0.0.1] Completed initialization in 0 ms
2022-09-03 14:38:10,193 INFO com.ciandt.token.provider.controllers.TokenController [http-nio-8080-exec-1] Recebido requisição para criação de token para chave: joao
2022-09-03 14:38:10,233 INFO com.ciandt.token.provider.controllers.TokenController [http-nio-8080-exec-1] Token gerado com sucesso
2022-09-03 14:46:27,469 INFO org.springframework.boot.StartupInfoLogger [main] Starting TokenProviderApplication using Java 11.0.16 on lnb035937cps with PID 145117 (/home/jmmarao/Documents/my-music/ExceptionsMyMusic/TokenProvider/target/classes started by CIANDT\jmmarao in /home/jmmarao/Documents/my-music/ExceptionsMyMusic/TokenProvider)
2022-09-03 14:46:27,474 INFO org.springframework.boot.SpringApplication [main] No active profile set, falling back to default profiles: default
2022-09-03 14:46:28,301 INFO org.springframework.boot.web.embedded.tomcat.TomcatWebServer [main] Tomcat initialized with port(s): 8080 (http)
2022-09-03 14:46:28,310 INFO org.apache.juli.logging.DirectJDKLog [main] Initializing ProtocolHandler ["http-nio-8080"]
2022-09-03 14:46:28,310 INFO org.apache.juli.logging.DirectJDKLog [main] Starting service [Tomcat]
2022-09-03 14:46:28,310 INFO org.apache.juli.logging.DirectJDKLog [main] Starting Servlet engine: [Apache Tomcat/9.0.56]
2022-09-03 14:46:28,353 INFO org.apache.juli.logging.DirectJDKLog [main] Initializing Spring embedded WebApplicationContext
2022-09-03 14:46:28,354 INFO org.springframework.boot.web.servlet.context.ServletWebServerApplicationContext [main] Root WebApplicationContext: initialization completed in 837 ms
2022-09-03 14:46:28,768 INFO org.springframework.boot.actuate.endpoint.web.EndpointLinksResolver [main] Exposing 1 endpoint(s) beneath base path '/actuator'
2022-09-03 14:46:28,785 INFO org.apache.juli.logging.DirectJDKLog [main] Starting ProtocolHandler ["http-nio-8080"]
2022-09-03 14:46:28,790 INFO org.springframework.boot.web.embedded.tomcat.TomcatWebServer [main] Tomcat started on port(s): 8080 (http) with context path ''
2022-09-03 14:46:28,802 INFO org.springframework.boot.StartupInfoLogger [main] Started TokenProviderApplication in 1.649 seconds (JVM running for 2.319)
2022-09-03 14:46:28,938 INFO org.apache.juli.logging.DirectJDKLog [RMI TCP Connection(3)-127.0.0.1] Initializing Spring DispatcherServlet 'dispatcherServlet'
2022-09-03 14:46:28,939 INFO org.springframework.web.servlet.FrameworkServlet [RMI TCP Connection(3)-127.0.0.1] Initializing Servlet 'dispatcherServlet'
2022-09-03 14:46:28,940 INFO org.springframework.web.servlet.FrameworkServlet [RMI TCP Connection(3)-127.0.0.1] Completed initialization in 1 ms
2022-09-03 14:46:48,491 INFO com.ciandt.token.provider.controllers.TokenController [http-nio-8080-exec-1] Recebido requisição para criação de token para chave: joao
2022-09-03 14:46:48,551 INFO com.ciandt.token.provider.controllers.TokenController [http-nio-8080-exec-1] Token gerado com sucesso
2022-09-03 14:47:21,730 INFO com.ciandt.token.provider.controllers.TokenAuthorizerController [http-nio-8080-exec-2] Recebido requisição para geração de token: joao
2022-09-03 14:47:21,734 INFO com.ciandt.token.provider.controllers.TokenAuthorizerController [http-nio-8080-exec-2] Token validado com sucesso
2022-09-03 14:47:34,092 INFO com.ciandt.token.provider.controllers.TokenAuthorizerController [http-nio-8080-exec-3] Recebido requisição para geração de token: joao
2022-09-03 14:47:34,098 ERROR org.apache.juli.logging.DirectJDKLog [http-nio-8080-exec-3] Servlet.service() for servlet [dispatcherServlet] in context with path [] threw exception [Request processing failed; nested exception is org.jasypt.exceptions.EncryptionOperationNotPossibleException] with root cause
org.jasypt.exceptions.EncryptionOperationNotPossibleException: null
	at org.jasypt.encryption.pbe.StandardPBEByteEncryptor.decrypt(StandardPBEByteEncryptor.java:1169)
	at org.jasypt.encryption.pbe.StandardPBEStringEncryptor.decrypt(StandardPBEStringEncryptor.java:738)
	at com.ciandt.token.provider.services.EncryptServices.decrypt(EncryptServices.java:23)
	at com.ciandt.token.provider.core.usecases.CreateAuthorizerUseCase.execute(CreateAuthorizerUseCase.java:18)
	at com.ciandt.token.provider.controllers.TokenAuthorizerController.createTokenAuthorizer(TokenAuthorizerController.java:33)
	at java.base/jdk.internal.reflect.NativeMethodAccessorImpl.invoke0(Native Method)
	at java.base/jdk.internal.reflect.NativeMethodAccessorImpl.invoke(NativeMethodAccessorImpl.java:62)
	at java.base/jdk.internal.reflect.DelegatingMethodAccessorImpl.invoke(DelegatingMethodAccessorImpl.java:43)
	at java.base/java.lang.reflect.Method.invoke(Method.java:566)
	at org.springframework.web.method.support.InvocableHandlerMethod.doInvoke(InvocableHandlerMethod.java:205)
	at org.springframework.web.method.support.InvocableHandlerMethod.invokeForRequest(InvocableHandlerMethod.java:150)
	at org.springframework.web.servlet.mvc.method.annotation.ServletInvocableHandlerMethod.invokeAndHandle(ServletInvocableHandlerMethod.java:117)
	at org.springframework.web.servlet.mvc.method.annotation.RequestMappingHandlerAdapter.invokeHandlerMethod(RequestMappingHandlerAdapter.java:895)
	at org.springframework.web.servlet.mvc.method.annotation.RequestMappingHandlerAdapter.handleInternal(RequestMappingHandlerAdapter.java:808)
	at org.springframework.web.servlet.mvc.method.AbstractHandlerMethodAdapter.handle(AbstractHandlerMethodAdapter.java:87)
	at org.springframework.web.servlet.DispatcherServlet.doDispatch(DispatcherServlet.java:1067)
	at org.springframework.web.servlet.DispatcherServlet.doService(DispatcherServlet.java:963)
	at org.springframework.web.servlet.FrameworkServlet.processRequest(FrameworkServlet.java:1006)
	at org.springframework.web.servlet.FrameworkServlet.doPost(FrameworkServlet.java:909)
	at javax.servlet.http.HttpServlet.service(HttpServlet.java:681)
	at org.springframework.web.servlet.FrameworkServlet.service(FrameworkServlet.java:883)
	at javax.servlet.http.HttpServlet.service(HttpServlet.java:764)
	at org.apache.catalina.core.ApplicationFilterChain.internalDoFilter(ApplicationFilterChain.java:227)
	at org.apache.catalina.core.ApplicationFilterChain.doFilter(ApplicationFilterChain.java:162)
	at org.apache.tomcat.websocket.server.WsFilter.doFilter(WsFilter.java:53)
	at org.apache.catalina.core.ApplicationFilterChain.internalDoFilter(ApplicationFilterChain.java:189)
	at org.apache.catalina.core.ApplicationFilterChain.doFilter(ApplicationFilterChain.java:162)
	at org.springframework.web.filter.RequestContextFilter.doFilterInternal(RequestContextFilter.java:100)
	at org.springframework.web.filter.OncePerRequestFilter.doFilter(OncePerRequestFilter.java:117)
	at org.apache.catalina.core.ApplicationFilterChain.internalDoFilter(ApplicationFilterChain.java:189)
	at org.apache.catalina.core.ApplicationFilterChain.doFilter(ApplicationFilterChain.java:162)
	at org.springframework.web.filter.FormContentFilter.doFilterInternal(FormContentFilter.java:93)
	at org.springframework.web.filter.OncePerRequestFilter.doFilter(OncePerRequestFilter.java:117)
	at org.apache.catalina.core.ApplicationFilterChain.internalDoFilter(ApplicationFilterChain.java:189)
	at org.apache.catalina.core.ApplicationFilterChain.doFilter(ApplicationFilterChain.java:162)
	at org.springframework.boot.actuate.metrics.web.servlet.WebMvcMetricsFilter.doFilterInternal(WebMvcMetricsFilter.java:96)
	at org.springframework.web.filter.OncePerRequestFilter.doFilter(OncePerRequestFilter.java:117)
	at org.apache.catalina.core.ApplicationFilterChain.internalDoFilter(ApplicationFilterChain.java:189)
	at org.apache.catalina.core.ApplicationFilterChain.doFilter(ApplicationFilterChain.java:162)
	at org.springframework.web.filter.CharacterEncodingFilter.doFilterInternal(CharacterEncodingFilter.java:201)
	at org.springframework.web.filter.OncePerRequestFilter.doFilter(OncePerRequestFilter.java:117)
	at org.apache.catalina.core.ApplicationFilterChain.internalDoFilter(ApplicationFilterChain.java:189)
	at org.apache.catalina.core.ApplicationFilterChain.doFilter(ApplicationFilterChain.java:162)
	at org.apache.catalina.core.StandardWrapperValve.invoke(StandardWrapperValve.java:197)
	at org.apache.catalina.core.StandardContextValve.invoke(StandardContextValve.java:97)
	at org.apache.catalina.authenticator.AuthenticatorBase.invoke(AuthenticatorBase.java:540)
	at org.apache.catalina.core.StandardHostValve.invoke(StandardHostValve.java:135)
	at org.apache.catalina.valves.ErrorReportValve.invoke(ErrorReportValve.java:92)
	at org.apache.catalina.core.StandardEngineValve.invoke(StandardEngineValve.java:78)
	at org.apache.catalina.connector.CoyoteAdapter.service(CoyoteAdapter.java:357)
	at org.apache.coyote.http11.Http11Processor.service(Http11Processor.java:382)
	at org.apache.coyote.AbstractProcessorLight.process(AbstractProcessorLight.java:65)
	at org.apache.coyote.AbstractProtocol$ConnectionHandler.process(AbstractProtocol.java:895)
	at org.apache.tomcat.util.net.NioEndpoint$SocketProcessor.doRun(NioEndpoint.java:1732)
	at org.apache.tomcat.util.net.SocketProcessorBase.run(SocketProcessorBase.java:49)
	at org.apache.tomcat.util.threads.ThreadPoolExecutor.runWorker(ThreadPoolExecutor.java:1191)
	at org.apache.tomcat.util.threads.ThreadPoolExecutor$Worker.run(ThreadPoolExecutor.java:659)
	at org.apache.tomcat.util.threads.TaskThread$WrappingRunnable.run(TaskThread.java:61)
	at java.base/java.lang.Thread.run(Thread.java:829)
2022-09-03 14:59:37,017 INFO com.ciandt.token.provider.controllers.TokenController [http-nio-8080-exec-4] Recebido requisição para criação de token para chave: joaossssss
2022-09-03 14:59:37,018 INFO com.ciandt.token.provider.controllers.TokenController [http-nio-8080-exec-4] Token gerado com sucesso
2022-09-03 14:59:59,629 INFO com.ciandt.token.provider.controllers.TokenAuthorizerController [http-nio-8080-exec-5] Recebido requisição para geração de token: joao
2022-09-03 14:59:59,630 ERROR org.apache.juli.logging.DirectJDKLog [http-nio-8080-exec-5] Servlet.service() for servlet [dispatcherServlet] in context with path [] threw exception [Request processing failed; nested exception is org.jasypt.exceptions.EncryptionOperationNotPossibleException] with root cause
org.jasypt.exceptions.EncryptionOperationNotPossibleException: null
	at org.jasypt.encryption.pbe.StandardPBEByteEncryptor.decrypt(StandardPBEByteEncryptor.java:1169)
	at org.jasypt.encryption.pbe.StandardPBEStringEncryptor.decrypt(StandardPBEStringEncryptor.java:738)
	at com.ciandt.token.provider.services.EncryptServices.decrypt(EncryptServices.java:23)
	at com.ciandt.token.provider.core.usecases.CreateAuthorizerUseCase.execute(CreateAuthorizerUseCase.java:18)
	at com.ciandt.token.provider.controllers.TokenAuthorizerController.createTokenAuthorizer(TokenAuthorizerController.java:33)
	at java.base/jdk.internal.reflect.NativeMethodAccessorImpl.invoke0(Native Method)
	at java.base/jdk.internal.reflect.NativeMethodAccessorImpl.invoke(NativeMethodAccessorImpl.java:62)
	at java.base/jdk.internal.reflect.DelegatingMethodAccessorImpl.invoke(DelegatingMethodAccessorImpl.java:43)
	at java.base/java.lang.reflect.Method.invoke(Method.java:566)
	at org.springframework.web.method.support.InvocableHandlerMethod.doInvoke(InvocableHandlerMethod.java:205)
	at org.springframework.web.method.support.InvocableHandlerMethod.invokeForRequest(InvocableHandlerMethod.java:150)
	at org.springframework.web.servlet.mvc.method.annotation.ServletInvocableHandlerMethod.invokeAndHandle(ServletInvocableHandlerMethod.java:117)
	at org.springframework.web.servlet.mvc.method.annotation.RequestMappingHandlerAdapter.invokeHandlerMethod(RequestMappingHandlerAdapter.java:895)
	at org.springframework.web.servlet.mvc.method.annotation.RequestMappingHandlerAdapter.handleInternal(RequestMappingHandlerAdapter.java:808)
	at org.springframework.web.servlet.mvc.method.AbstractHandlerMethodAdapter.handle(AbstractHandlerMethodAdapter.java:87)
	at org.springframework.web.servlet.DispatcherServlet.doDispatch(DispatcherServlet.java:1067)
	at org.springframework.web.servlet.DispatcherServlet.doService(DispatcherServlet.java:963)
	at org.springframework.web.servlet.FrameworkServlet.processRequest(FrameworkServlet.java:1006)
	at org.springframework.web.servlet.FrameworkServlet.doPost(FrameworkServlet.java:909)
	at javax.servlet.http.HttpServlet.service(HttpServlet.java:681)
	at org.springframework.web.servlet.FrameworkServlet.service(FrameworkServlet.java:883)
	at javax.servlet.http.HttpServlet.service(HttpServlet.java:764)
	at org.apache.catalina.core.ApplicationFilterChain.internalDoFilter(ApplicationFilterChain.java:227)
	at org.apache.catalina.core.ApplicationFilterChain.doFilter(ApplicationFilterChain.java:162)
	at org.apache.tomcat.websocket.server.WsFilter.doFilter(WsFilter.java:53)
	at org.apache.catalina.core.ApplicationFilterChain.internalDoFilter(ApplicationFilterChain.java:189)
	at org.apache.catalina.core.ApplicationFilterChain.doFilter(ApplicationFilterChain.java:162)
	at org.springframework.web.filter.RequestContextFilter.doFilterInternal(RequestContextFilter.java:100)
	at org.springframework.web.filter.OncePerRequestFilter.doFilter(OncePerRequestFilter.java:117)
	at org.apache.catalina.core.ApplicationFilterChain.internalDoFilter(ApplicationFilterChain.java:189)
	at org.apache.catalina.core.ApplicationFilterChain.doFilter(ApplicationFilterChain.java:162)
	at org.springframework.web.filter.FormContentFilter.doFilterInternal(FormContentFilter.java:93)
	at org.springframework.web.filter.OncePerRequestFilter.doFilter(OncePerRequestFilter.java:117)
	at org.apache.catalina.core.ApplicationFilterChain.internalDoFilter(ApplicationFilterChain.java:189)
	at org.apache.catalina.core.ApplicationFilterChain.doFilter(ApplicationFilterChain.java:162)
	at org.springframework.boot.actuate.metrics.web.servlet.WebMvcMetricsFilter.doFilterInternal(WebMvcMetricsFilter.java:96)
	at org.springframework.web.filter.OncePerRequestFilter.doFilter(OncePerRequestFilter.java:117)
	at org.apache.catalina.core.ApplicationFilterChain.internalDoFilter(ApplicationFilterChain.java:189)
	at org.apache.catalina.core.ApplicationFilterChain.doFilter(ApplicationFilterChain.java:162)
	at org.springframework.web.filter.CharacterEncodingFilter.doFilterInternal(CharacterEncodingFilter.java:201)
	at org.springframework.web.filter.OncePerRequestFilter.doFilter(OncePerRequestFilter.java:117)
	at org.apache.catalina.core.ApplicationFilterChain.internalDoFilter(ApplicationFilterChain.java:189)
	at org.apache.catalina.core.ApplicationFilterChain.doFilter(ApplicationFilterChain.java:162)
	at org.apache.catalina.core.StandardWrapperValve.invoke(StandardWrapperValve.java:197)
	at org.apache.catalina.core.StandardContextValve.invoke(StandardContextValve.java:97)
	at org.apache.catalina.authenticator.AuthenticatorBase.invoke(AuthenticatorBase.java:540)
	at org.apache.catalina.core.StandardHostValve.invoke(StandardHostValve.java:135)
	at org.apache.catalina.valves.ErrorReportValve.invoke(ErrorReportValve.java:92)
	at org.apache.catalina.core.StandardEngineValve.invoke(StandardEngineValve.java:78)
	at org.apache.catalina.connector.CoyoteAdapter.service(CoyoteAdapter.java:357)
	at org.apache.coyote.http11.Http11Processor.service(Http11Processor.java:382)
	at org.apache.coyote.AbstractProcessorLight.process(AbstractProcessorLight.java:65)
	at org.apache.coyote.AbstractProtocol$ConnectionHandler.process(AbstractProtocol.java:895)
	at org.apache.tomcat.util.net.NioEndpoint$SocketProcessor.doRun(NioEndpoint.java:1732)
	at org.apache.tomcat.util.net.SocketProcessorBase.run(SocketProcessorBase.java:49)
	at org.apache.tomcat.util.threads.ThreadPoolExecutor.runWorker(ThreadPoolExecutor.java:1191)
	at org.apache.tomcat.util.threads.ThreadPoolExecutor$Worker.run(ThreadPoolExecutor.java:659)
	at org.apache.tomcat.util.threads.TaskThread$WrappingRunnable.run(TaskThread.java:61)
	at java.base/java.lang.Thread.run(Thread.java:829)
2022-09-03 15:00:17,957 INFO com.ciandt.token.provider.controllers.TokenAuthorizerController [http-nio-8080-exec-6] Recebido requisição para geração de token: joao
2022-09-03 15:00:17,958 ERROR com.ciandt.token.provider.controllers.TokenAuthorizerController [http-nio-8080-exec-6] Requisição inválida: Token expirado
2022-09-03 15:00:52,476 INFO com.ciandt.token.provider.controllers.TokenAuthorizerController [http-nio-8080-exec-7] Recebido requisição para geração de token: joao
2022-09-03 15:00:52,477 ERROR org.apache.juli.logging.DirectJDKLog [http-nio-8080-exec-7] Servlet.service() for servlet [dispatcherServlet] in context with path [] threw exception [Request processing failed; nested exception is org.jasypt.exceptions.EncryptionOperationNotPossibleException] with root cause
org.jasypt.exceptions.EncryptionOperationNotPossibleException: null
	at org.jasypt.encryption.pbe.StandardPBEByteEncryptor.decrypt(StandardPBEByteEncryptor.java:1054)
	at org.jasypt.encryption.pbe.StandardPBEStringEncryptor.decrypt(StandardPBEStringEncryptor.java:738)
	at com.ciandt.token.provider.services.EncryptServices.decrypt(EncryptServices.java:23)
	at com.ciandt.token.provider.core.usecases.CreateAuthorizerUseCase.execute(CreateAuthorizerUseCase.java:18)
	at com.ciandt.token.provider.controllers.TokenAuthorizerController.createTokenAuthorizer(TokenAuthorizerController.java:33)
	at java.base/jdk.internal.reflect.NativeMethodAccessorImpl.invoke0(Native Method)
	at java.base/jdk.internal.reflect.NativeMethodAccessorImpl.invoke(NativeMethodAccessorImpl.java:62)
	at java.base/jdk.internal.reflect.DelegatingMethodAccessorImpl.invoke(DelegatingMethodAccessorImpl.java:43)
	at java.base/java.lang.reflect.Method.invoke(Method.java:566)
	at org.springframework.web.method.support.InvocableHandlerMethod.doInvoke(InvocableHandlerMethod.java:205)
	at org.springframework.web.method.support.InvocableHandlerMethod.invokeForRequest(InvocableHandlerMethod.java:150)
	at org.springframework.web.servlet.mvc.method.annotation.ServletInvocableHandlerMethod.invokeAndHandle(ServletInvocableHandlerMethod.java:117)
	at org.springframework.web.servlet.mvc.method.annotation.RequestMappingHandlerAdapter.invokeHandlerMethod(RequestMappingHandlerAdapter.java:895)
	at org.springframework.web.servlet.mvc.method.annotation.RequestMappingHandlerAdapter.handleInternal(RequestMappingHandlerAdapter.java:808)
	at org.springframework.web.servlet.mvc.method.AbstractHandlerMethodAdapter.handle(AbstractHandlerMethodAdapter.java:87)
	at org.springframework.web.servlet.DispatcherServlet.doDispatch(DispatcherServlet.java:1067)
	at org.springframework.web.servlet.DispatcherServlet.doService(DispatcherServlet.java:963)
	at org.springframework.web.servlet.FrameworkServlet.processRequest(FrameworkServlet.java:1006)
	at org.springframework.web.servlet.FrameworkServlet.doPost(FrameworkServlet.java:909)
	at javax.servlet.http.HttpServlet.service(HttpServlet.java:681)
	at org.springframework.web.servlet.FrameworkServlet.service(FrameworkServlet.java:883)
	at javax.servlet.http.HttpServlet.service(HttpServlet.java:764)
	at org.apache.catalina.core.ApplicationFilterChain.internalDoFilter(ApplicationFilterChain.java:227)
	at org.apache.catalina.core.ApplicationFilterChain.doFilter(ApplicationFilterChain.java:162)
	at org.apache.tomcat.websocket.server.WsFilter.doFilter(WsFilter.java:53)
	at org.apache.catalina.core.ApplicationFilterChain.internalDoFilter(ApplicationFilterChain.java:189)
	at org.apache.catalina.core.ApplicationFilterChain.doFilter(ApplicationFilterChain.java:162)
	at org.springframework.web.filter.RequestContextFilter.doFilterInternal(RequestContextFilter.java:100)
	at org.springframework.web.filter.OncePerRequestFilter.doFilter(OncePerRequestFilter.java:117)
	at org.apache.catalina.core.ApplicationFilterChain.internalDoFilter(ApplicationFilterChain.java:189)
	at org.apache.catalina.core.ApplicationFilterChain.doFilter(ApplicationFilterChain.java:162)
	at org.springframework.web.filter.FormContentFilter.doFilterInternal(FormContentFilter.java:93)
	at org.springframework.web.filter.OncePerRequestFilter.doFilter(OncePerRequestFilter.java:117)
	at org.apache.catalina.core.ApplicationFilterChain.internalDoFilter(ApplicationFilterChain.java:189)
	at org.apache.catalina.core.ApplicationFilterChain.doFilter(ApplicationFilterChain.java:162)
	at org.springframework.boot.actuate.metrics.web.servlet.WebMvcMetricsFilter.doFilterInternal(WebMvcMetricsFilter.java:96)
	at org.springframework.web.filter.OncePerRequestFilter.doFilter(OncePerRequestFilter.java:117)
	at org.apache.catalina.core.ApplicationFilterChain.internalDoFilter(ApplicationFilterChain.java:189)
	at org.apache.catalina.core.ApplicationFilterChain.doFilter(ApplicationFilterChain.java:162)
	at org.springframework.web.filter.CharacterEncodingFilter.doFilterInternal(CharacterEncodingFilter.java:201)
	at org.springframework.web.filter.OncePerRequestFilter.doFilter(OncePerRequestFilter.java:117)
	at org.apache.catalina.core.ApplicationFilterChain.internalDoFilter(ApplicationFilterChain.java:189)
	at org.apache.catalina.core.ApplicationFilterChain.doFilter(ApplicationFilterChain.java:162)
	at org.apache.catalina.core.StandardWrapperValve.invoke(StandardWrapperValve.java:197)
	at org.apache.catalina.core.StandardContextValve.invoke(StandardContextValve.java:97)
	at org.apache.catalina.authenticator.AuthenticatorBase.invoke(AuthenticatorBase.java:540)
	at org.apache.catalina.core.StandardHostValve.invoke(StandardHostValve.java:135)
	at org.apache.catalina.valves.ErrorReportValve.invoke(ErrorReportValve.java:92)
	at org.apache.catalina.core.StandardEngineValve.invoke(StandardEngineValve.java:78)
	at org.apache.catalina.connector.CoyoteAdapter.service(CoyoteAdapter.java:357)
	at org.apache.coyote.http11.Http11Processor.service(Http11Processor.java:382)
	at org.apache.coyote.AbstractProcessorLight.process(AbstractProcessorLight.java:65)
	at org.apache.coyote.AbstractProtocol$ConnectionHandler.process(AbstractProtocol.java:895)
	at org.apache.tomcat.util.net.NioEndpoint$SocketProcessor.doRun(NioEndpoint.java:1732)
	at org.apache.tomcat.util.net.SocketProcessorBase.run(SocketProcessorBase.java:49)
	at org.apache.tomcat.util.threads.ThreadPoolExecutor.runWorker(ThreadPoolExecutor.java:1191)
	at org.apache.tomcat.util.threads.ThreadPoolExecutor$Worker.run(ThreadPoolExecutor.java:659)
	at org.apache.tomcat.util.threads.TaskThread$WrappingRunnable.run(TaskThread.java:61)
	at java.base/java.lang.Thread.run(Thread.java:829)
2022-09-03 15:01:15,170 INFO com.ciandt.token.provider.controllers.TokenController [http-nio-8080-exec-8] Recebido requisição para criação de token para chave: joao
2022-09-03 15:01:15,172 INFO com.ciandt.token.provider.controllers.TokenController [http-nio-8080-exec-8] Token gerado com sucesso
2022-09-03 15:01:26,737 INFO com.ciandt.token.provider.controllers.TokenAuthorizerController [http-nio-8080-exec-9] Recebido requisição para geração de token: joao
2022-09-03 15:01:26,738 INFO com.ciandt.token.provider.controllers.TokenAuthorizerController [http-nio-8080-exec-9] Token validado com sucesso
2022-09-03 15:01:40,355 INFO com.ciandt.token.provider.controllers.TokenAuthorizerController [http-nio-8080-exec-10] Recebido requisição para geração de token: joao
2022-09-03 15:01:40,357 INFO com.ciandt.token.provider.controllers.TokenAuthorizerController [http-nio-8080-exec-10] Token validado com sucesso
2022-09-03 15:03:07,557 INFO com.ciandt.token.provider.controllers.TokenAuthorizerController [http-nio-8080-exec-2] Recebido requisição para geração de token: joao
2022-09-03 15:03:07,558 ERROR com.ciandt.token.provider.controllers.TokenAuthorizerController [http-nio-8080-exec-2] Requisição inválida: Token expirado
2022-09-03 15:04:24,768 INFO com.ciandt.token.provider.controllers.TokenController [http-nio-8080-exec-3] Recebido requisição para criação de token para chave: joao
2022-09-03 15:04:24,769 INFO com.ciandt.token.provider.controllers.TokenController [http-nio-8080-exec-3] Token gerado com sucesso
2022-09-03 15:04:32,687 INFO com.ciandt.token.provider.controllers.TokenAuthorizerController [http-nio-8080-exec-4] Recebido requisição para geração de token: joao
2022-09-03 15:04:32,689 INFO com.ciandt.token.provider.controllers.TokenAuthorizerController [http-nio-8080-exec-4] Token validado com sucesso
2022-09-03 15:05:43,807 INFO com.ciandt.token.provider.controllers.TokenController [http-nio-8080-exec-6] Recebido requisição para criação de token para chave: joao
2022-09-03 15:05:43,808 INFO com.ciandt.token.provider.controllers.TokenController [http-nio-8080-exec-6] Token gerado com sucesso
2022-09-03 15:06:02,441 INFO com.ciandt.token.provider.controllers.TokenAuthorizerController [http-nio-8080-exec-7] Recebido requisição para geração de token: joao
2022-09-03 15:06:02,442 INFO com.ciandt.token.provider.controllers.TokenAuthorizerController [http-nio-8080-exec-7] Token validado com sucesso
2022-09-03 15:06:09,935 INFO com.ciandt.token.provider.controllers.TokenController [http-nio-8080-exec-8] Recebido requisição para criação de token para chave: joao
2022-09-03 15:06:09,936 INFO com.ciandt.token.provider.controllers.TokenController [http-nio-8080-exec-8] Token gerado com sucesso
2022-09-03 15:06:15,392 INFO com.ciandt.token.provider.controllers.TokenAuthorizerController [http-nio-8080-exec-9] Recebido requisição para geração de token: joao
2022-09-03 15:06:15,394 INFO com.ciandt.token.provider.controllers.TokenAuthorizerController [http-nio-8080-exec-9] Token validado com sucesso
2022-09-03 15:08:23,434 INFO com.ciandt.token.provider.controllers.TokenController [http-nio-8080-exec-1] Recebido requisição para criação de token para chave: joao
2022-09-03 15:08:23,435 INFO com.ciandt.token.provider.controllers.TokenController [http-nio-8080-exec-1] Token gerado com sucesso
2022-09-03 15:08:29,904 INFO com.ciandt.token.provider.controllers.TokenAuthorizerController [http-nio-8080-exec-2] Recebido requisição para geração de token: joao
2022-09-03 15:08:29,906 INFO com.ciandt.token.provider.controllers.TokenAuthorizerController [http-nio-8080-exec-2] Token validado com sucesso
2022-09-03 15:09:13,430 INFO com.ciandt.token.provider.controllers.TokenController [http-nio-8080-exec-3] Recebido requisição para criação de token para chave: joao
2022-09-03 15:09:13,431 INFO com.ciandt.token.provider.controllers.TokenController [http-nio-8080-exec-3] Token gerado com sucesso
2022-09-03 15:09:22,655 INFO com.ciandt.token.provider.controllers.TokenAuthorizerController [http-nio-8080-exec-4] Recebido requisição para geração de token: joao
2022-09-03 15:09:22,656 INFO com.ciandt.token.provider.controllers.TokenAuthorizerController [http-nio-8080-exec-4] Token validado com sucesso
2022-09-03 15:09:37,459 INFO com.ciandt.token.provider.controllers.TokenAuthorizerController [http-nio-8080-exec-5] Recebido requisição para geração de token: joao
2022-09-03 15:09:37,460 ERROR com.ciandt.token.provider.controllers.TokenAuthorizerController [http-nio-8080-exec-5] Requisição inválida: Token expirado
2022-09-03 15:09:41,816 INFO com.ciandt.token.provider.controllers.TokenController [http-nio-8080-exec-6] Recebido requisição para criação de token para chave: joao
2022-09-03 15:09:41,817 INFO com.ciandt.token.provider.controllers.TokenController [http-nio-8080-exec-6] Token gerado com sucesso
2022-09-03 15:09:49,387 INFO com.ciandt.token.provider.controllers.TokenAuthorizerController [http-nio-8080-exec-7] Recebido requisição para geração de token: joao
2022-09-03 15:09:49,388 INFO com.ciandt.token.provider.controllers.TokenAuthorizerController [http-nio-8080-exec-7] Token validado com sucesso
2022-09-03 15:09:52,535 INFO com.ciandt.token.provider.controllers.TokenAuthorizerController [http-nio-8080-exec-8] Recebido requisição para geração de token: joao
2022-09-03 15:09:52,536 INFO com.ciandt.token.provider.controllers.TokenAuthorizerController [http-nio-8080-exec-8] Token validado com sucesso
2022-09-03 15:10:06,663 INFO com.ciandt.token.provider.controllers.TokenController [http-nio-8080-exec-10] Recebido requisição para criação de token para chave: joao
2022-09-03 15:10:06,664 INFO com.ciandt.token.provider.controllers.TokenController [http-nio-8080-exec-10] Token gerado com sucesso
2022-09-03 15:10:12,913 INFO com.ciandt.token.provider.controllers.TokenAuthorizerController [http-nio-8080-exec-1] Recebido requisição para geração de token: joao
2022-09-03 15:10:12,914 INFO com.ciandt.token.provider.controllers.TokenAuthorizerController [http-nio-8080-exec-1] Token validado com sucesso
2022-09-03 15:10:19,464 INFO com.ciandt.token.provider.controllers.TokenAuthorizerController [http-nio-8080-exec-2] Recebido requisição para geração de token: joao
2022-09-03 15:10:19,466 INFO com.ciandt.token.provider.controllers.TokenAuthorizerController [http-nio-8080-exec-2] Token validado com sucesso
2022-09-03 15:10:21,460 INFO com.ciandt.token.provider.controllers.TokenAuthorizerController [http-nio-8080-exec-3] Recebido requisição para geração de token: joao
2022-09-03 15:10:21,461 INFO com.ciandt.token.provider.controllers.TokenAuthorizerController [http-nio-8080-exec-3] Token validado com sucesso
2022-09-03 15:10:26,118 INFO com.ciandt.token.provider.controllers.TokenAuthorizerController [http-nio-8080-exec-4] Recebido requisição para geração de token: joao
2022-09-03 15:10:26,119 INFO com.ciandt.token.provider.controllers.TokenAuthorizerController [http-nio-8080-exec-4] Token validado com sucesso
2022-09-03 15:10:29,738 INFO com.ciandt.token.provider.controllers.TokenAuthorizerController [http-nio-8080-exec-5] Recebido requisição para geração de token: joao
2022-09-03 15:10:29,740 INFO com.ciandt.token.provider.controllers.TokenAuthorizerController [http-nio-8080-exec-5] Token validado com sucesso
2022-09-03 15:10:32,581 INFO com.ciandt.token.provider.controllers.TokenAuthorizerController [http-nio-8080-exec-6] Recebido requisição para geração de token: joao
2022-09-03 15:10:32,582 INFO com.ciandt.token.provider.controllers.TokenAuthorizerController [http-nio-8080-exec-6] Token validado com sucesso
2022-09-03 15:10:35,229 INFO com.ciandt.token.provider.controllers.TokenAuthorizerController [http-nio-8080-exec-7] Recebido requisição para geração de token: joao
2022-09-03 15:10:35,230 INFO com.ciandt.token.provider.controllers.TokenAuthorizerController [http-nio-8080-exec-7] Token validado com sucesso
2022-09-03 15:10:38,156 INFO com.ciandt.token.provider.controllers.TokenAuthorizerController [http-nio-8080-exec-8] Recebido requisição para geração de token: joao
2022-09-03 15:10:38,157 INFO com.ciandt.token.provider.controllers.TokenAuthorizerController [http-nio-8080-exec-8] Token validado com sucesso
2022-09-03 15:12:53,206 INFO com.ciandt.token.provider.controllers.TokenController [http-nio-8080-exec-10] Recebido requisição para criação de token para chave: joao
2022-09-03 15:12:53,207 INFO com.ciandt.token.provider.controllers.TokenController [http-nio-8080-exec-10] Token gerado com sucesso
2022-09-03 15:12:59,462 INFO com.ciandt.token.provider.controllers.TokenAuthorizerController [http-nio-8080-exec-1] Recebido requisição para geração de token: joao
2022-09-03 15:12:59,464 INFO com.ciandt.token.provider.controllers.TokenAuthorizerController [http-nio-8080-exec-1] Token validado com sucesso
2022-09-03 15:13:12,075 INFO com.ciandt.token.provider.controllers.TokenAuthorizerController [http-nio-8080-exec-2] Recebido requisição para geração de token: joao
2022-09-03 15:13:12,076 INFO com.ciandt.token.provider.controllers.TokenAuthorizerController [http-nio-8080-exec-2] Token validado com sucesso
2022-09-03 15:13:38,186 INFO com.ciandt.token.provider.controllers.TokenAuthorizerController [http-nio-8080-exec-3] Recebido requisição para geração de token: joao
2022-09-03 15:13:38,187 INFO com.ciandt.token.provider.controllers.TokenAuthorizerController [http-nio-8080-exec-3] Token validado com sucesso
2022-09-03 15:13:50,007 INFO com.ciandt.token.provider.controllers.TokenAuthorizerController [http-nio-8080-exec-4] Recebido requisição para geração de token: joao
2022-09-03 15:13:50,008 INFO com.ciandt.token.provider.controllers.TokenAuthorizerController [http-nio-8080-exec-4] Token validado com sucesso
2022-09-03 15:47:56,785 INFO com.ciandt.token.provider.controllers.TokenAuthorizerController [http-nio-8080-exec-6] Recebido requisição para geração de token: joao
2022-09-03 15:47:56,786 ERROR com.ciandt.token.provider.controllers.TokenAuthorizerController [http-nio-8080-exec-6] Requisição inválida: Token expirado
2022-09-03 19:20:52,972 INFO org.springframework.boot.StartupInfoLogger [main] Starting TokenProviderApplication using Java 11.0.16 on lnb035937cps with PID 192813 (/home/jmmarao/Documents/my-music/ExceptionsMyMusic/TokenProvider/target/classes started by CIANDT\jmmarao in /home/jmmarao/Documents/my-music/ExceptionsMyMusic/TokenProvider)
2022-09-03 19:20:52,973 INFO org.springframework.boot.SpringApplication [main] No active profile set, falling back to default profiles: default
2022-09-03 19:20:53,536 INFO org.springframework.boot.web.embedded.tomcat.TomcatWebServer [main] Tomcat initialized with port(s): 8080 (http)
2022-09-03 19:20:53,541 INFO org.apache.juli.logging.DirectJDKLog [main] Initializing ProtocolHandler ["http-nio-8080"]
2022-09-03 19:20:53,541 INFO org.apache.juli.logging.DirectJDKLog [main] Starting service [Tomcat]
2022-09-03 19:20:53,541 INFO org.apache.juli.logging.DirectJDKLog [main] Starting Servlet engine: [Apache Tomcat/9.0.56]
2022-09-03 19:20:53,568 INFO org.apache.juli.logging.DirectJDKLog [main] Initializing Spring embedded WebApplicationContext
2022-09-03 19:20:53,569 INFO org.springframework.boot.web.servlet.context.ServletWebServerApplicationContext [main] Root WebApplicationContext: initialization completed in 572 ms
2022-09-03 19:20:53,844 INFO org.springframework.boot.actuate.endpoint.web.EndpointLinksResolver [main] Exposing 1 endpoint(s) beneath base path '/actuator'
2022-09-03 19:20:53,859 INFO org.apache.juli.logging.DirectJDKLog [main] Starting ProtocolHandler ["http-nio-8080"]
2022-09-03 19:20:53,866 INFO org.springframework.boot.web.embedded.tomcat.TomcatWebServer [main] Tomcat started on port(s): 8080 (http) with context path ''
2022-09-03 19:20:53,878 INFO org.springframework.boot.StartupInfoLogger [main] Started TokenProviderApplication in 1.13 seconds (JVM running for 1.559)
2022-09-03 19:20:54,109 INFO org.apache.juli.logging.DirectJDKLog [RMI TCP Connection(2)-127.0.0.1] Initializing Spring DispatcherServlet 'dispatcherServlet'
2022-09-03 19:20:54,110 INFO org.springframework.web.servlet.FrameworkServlet [RMI TCP Connection(2)-127.0.0.1] Initializing Servlet 'dispatcherServlet'
2022-09-03 19:20:54,110 INFO org.springframework.web.servlet.FrameworkServlet [RMI TCP Connection(2)-127.0.0.1] Completed initialization in 0 ms
2022-09-03 19:21:04,334 INFO com.ciandt.token.provider.controllers.TokenController [http-nio-8080-exec-1] Recebido requisição para criação de token para chave: joao
2022-09-03 19:21:04,394 INFO com.ciandt.token.provider.controllers.TokenController [http-nio-8080-exec-1] Token gerado com sucesso
2022-09-03 19:21:09,832 INFO com.ciandt.token.provider.controllers.TokenController [http-nio-8080-exec-2] Recebido requisição para criação de token para chave: joao1234
2022-09-03 19:21:09,834 INFO com.ciandt.token.provider.controllers.TokenController [http-nio-8080-exec-2] Token gerado com sucesso
2022-09-03 19:33:08,315 INFO org.springframework.boot.StartupInfoLogger [main] Starting TokenProviderApplication using Java 11.0.16 on lnb035937cps with PID 195034 (/home/jmmarao/Documents/my-music/ExceptionsMyMusic/TokenProvider/target/classes started by CIANDT\jmmarao in /home/jmmarao/Documents/my-music/ExceptionsMyMusic/TokenProvider)
2022-09-03 19:33:08,317 INFO org.springframework.boot.SpringApplication [main] No active profile set, falling back to default profiles: default
2022-09-03 19:33:08,873 INFO org.springframework.boot.web.embedded.tomcat.TomcatWebServer [main] Tomcat initialized with port(s): 8080 (http)
2022-09-03 19:33:08,877 INFO org.apache.juli.logging.DirectJDKLog [main] Initializing ProtocolHandler ["http-nio-8080"]
2022-09-03 19:33:08,878 INFO org.apache.juli.logging.DirectJDKLog [main] Starting service [Tomcat]
2022-09-03 19:33:08,878 INFO org.apache.juli.logging.DirectJDKLog [main] Starting Servlet engine: [Apache Tomcat/9.0.56]
2022-09-03 19:33:08,905 INFO org.apache.juli.logging.DirectJDKLog [main] Initializing Spring embedded WebApplicationContext
2022-09-03 19:33:08,906 INFO org.springframework.boot.web.servlet.context.ServletWebServerApplicationContext [main] Root WebApplicationContext: initialization completed in 560 ms
2022-09-03 19:33:09,198 INFO org.springframework.boot.actuate.endpoint.web.EndpointLinksResolver [main] Exposing 1 endpoint(s) beneath base path '/actuator'
2022-09-03 19:33:09,221 INFO org.apache.juli.logging.DirectJDKLog [main] Starting ProtocolHandler ["http-nio-8080"]
2022-09-03 19:33:09,227 INFO org.springframework.boot.web.embedded.tomcat.TomcatWebServer [main] Tomcat started on port(s): 8080 (http) with context path ''
2022-09-03 19:33:09,238 INFO org.springframework.boot.StartupInfoLogger [main] Started TokenProviderApplication in 1.121 seconds (JVM running for 1.503)
2022-09-03 19:33:09,501 INFO org.apache.juli.logging.DirectJDKLog [RMI TCP Connection(1)-127.0.0.1] Initializing Spring DispatcherServlet 'dispatcherServlet'
2022-09-03 19:33:09,501 INFO org.springframework.web.servlet.FrameworkServlet [RMI TCP Connection(1)-127.0.0.1] Initializing Servlet 'dispatcherServlet'
2022-09-03 19:33:09,502 INFO org.springframework.web.servlet.FrameworkServlet [RMI TCP Connection(1)-127.0.0.1] Completed initialization in 0 ms
2022-09-03 19:33:11,841 INFO com.ciandt.token.provider.controllers.TokenController [http-nio-8080-exec-1] Recebido requisição para criação de token para chave: joao
2022-09-03 19:33:11,889 INFO com.ciandt.token.provider.controllers.TokenController [http-nio-8080-exec-1] Token gerado com sucesso
2022-09-03 19:34:27,854 INFO org.springframework.boot.StartupInfoLogger [main] Starting TokenProviderApplication using Java 11.0.16 on lnb035937cps with PID 195519 (/home/jmmarao/Documents/my-music/ExceptionsMyMusic/TokenProvider/target/classes started by CIANDT\jmmarao in /home/jmmarao/Documents/my-music/ExceptionsMyMusic/TokenProvider)
2022-09-03 19:34:27,856 INFO org.springframework.boot.SpringApplication [main] No active profile set, falling back to default profiles: default
2022-09-03 19:34:28,357 INFO org.springframework.boot.web.embedded.tomcat.TomcatWebServer [main] Tomcat initialized with port(s): 8080 (http)
2022-09-03 19:34:28,361 INFO org.apache.juli.logging.DirectJDKLog [main] Initializing ProtocolHandler ["http-nio-8080"]
2022-09-03 19:34:28,361 INFO org.apache.juli.logging.DirectJDKLog [main] Starting service [Tomcat]
2022-09-03 19:34:28,361 INFO org.apache.juli.logging.DirectJDKLog [main] Starting Servlet engine: [Apache Tomcat/9.0.56]
2022-09-03 19:34:28,383 INFO org.apache.juli.logging.DirectJDKLog [main] Initializing Spring embedded WebApplicationContext
2022-09-03 19:34:28,383 INFO org.springframework.boot.web.servlet.context.ServletWebServerApplicationContext [main] Root WebApplicationContext: initialization completed in 489 ms
2022-09-03 19:34:28,642 INFO org.springframework.boot.actuate.endpoint.web.EndpointLinksResolver [main] Exposing 1 endpoint(s) beneath base path '/actuator'
2022-09-03 19:34:28,655 INFO org.apache.juli.logging.DirectJDKLog [main] Starting ProtocolHandler ["http-nio-8080"]
2022-09-03 19:34:28,660 INFO org.springframework.boot.web.embedded.tomcat.TomcatWebServer [main] Tomcat started on port(s): 8080 (http) with context path ''
2022-09-03 19:34:28,670 INFO org.springframework.boot.StartupInfoLogger [main] Started TokenProviderApplication in 1.003 seconds (JVM running for 1.428)
2022-09-03 19:34:29,045 INFO org.apache.juli.logging.DirectJDKLog [RMI TCP Connection(2)-127.0.0.1] Initializing Spring DispatcherServlet 'dispatcherServlet'
2022-09-03 19:34:29,046 INFO org.springframework.web.servlet.FrameworkServlet [RMI TCP Connection(2)-127.0.0.1] Initializing Servlet 'dispatcherServlet'
2022-09-03 19:34:29,047 INFO org.springframework.web.servlet.FrameworkServlet [RMI TCP Connection(2)-127.0.0.1] Completed initialization in 1 ms
2022-09-03 20:26:29,037 INFO org.springframework.boot.StartupInfoLogger [main] Starting TokenProviderApplication using Java 11.0.16 on lnb035937cps with PID 207599 (/home/jmmarao/Documents/my-music/ExceptionsMyMusic/TokenProvider/target/classes started by CIANDT\jmmarao in /home/jmmarao/Documents/my-music/ExceptionsMyMusic/TokenProvider)
2022-09-03 20:26:29,039 INFO org.springframework.boot.SpringApplication [main] No active profile set, falling back to default profiles: default
2022-09-03 20:26:29,576 INFO org.springframework.boot.web.embedded.tomcat.TomcatWebServer [main] Tomcat initialized with port(s): 8080 (http)
2022-09-03 20:26:29,583 INFO org.apache.juli.logging.DirectJDKLog [main] Initializing ProtocolHandler ["http-nio-8080"]
2022-09-03 20:26:29,583 INFO org.apache.juli.logging.DirectJDKLog [main] Starting service [Tomcat]
2022-09-03 20:26:29,583 INFO org.apache.juli.logging.DirectJDKLog [main] Starting Servlet engine: [Apache Tomcat/9.0.56]
2022-09-03 20:26:29,616 INFO org.apache.juli.logging.DirectJDKLog [main] Initializing Spring embedded WebApplicationContext
2022-09-03 20:26:29,616 INFO org.springframework.boot.web.servlet.context.ServletWebServerApplicationContext [main] Root WebApplicationContext: initialization completed in 543 ms
2022-09-03 20:26:29,932 INFO org.springframework.boot.actuate.endpoint.web.EndpointLinksResolver [main] Exposing 1 endpoint(s) beneath base path '/actuator'
2022-09-03 20:26:29,945 INFO org.apache.juli.logging.DirectJDKLog [main] Starting ProtocolHandler ["http-nio-8080"]
2022-09-03 20:26:29,952 INFO org.springframework.boot.web.embedded.tomcat.TomcatWebServer [main] Tomcat started on port(s): 8080 (http) with context path ''
2022-09-03 20:26:29,962 INFO org.springframework.boot.StartupInfoLogger [main] Started TokenProviderApplication in 1.141 seconds (JVM running for 1.526)
2022-09-03 20:26:30,154 INFO org.apache.juli.logging.DirectJDKLog [RMI TCP Connection(2)-127.0.0.1] Initializing Spring DispatcherServlet 'dispatcherServlet'
2022-09-03 20:26:30,154 INFO org.springframework.web.servlet.FrameworkServlet [RMI TCP Connection(2)-127.0.0.1] Initializing Servlet 'dispatcherServlet'
2022-09-03 20:26:30,155 INFO org.springframework.web.servlet.FrameworkServlet [RMI TCP Connection(2)-127.0.0.1] Completed initialization in 0 ms
